lip 25, 2015 11:48:35 AM org.apache.catalina.startup.VersionLoggerListener log
INFO: Server version:        Apache Tomcat/7.0.63
lip 25, 2015 11:48:35 AM org.apache.catalina.startup.VersionLoggerListener log
INFO: Server built:          Jun 30 2015 08:08:33 UTC
lip 25, 2015 11:48:35 AM org.apache.catalina.startup.VersionLoggerListener log
INFO: Server number:         7.0.63.0
lip 25, 2015 11:48:35 AM org.apache.catalina.startup.VersionLoggerListener log
INFO: OS Name:               Windows 7
lip 25, 2015 11:48:35 AM org.apache.catalina.startup.VersionLoggerListener log
INFO: OS Version:            6.1
lip 25, 2015 11:48:35 AM org.apache.catalina.startup.VersionLoggerListener log
INFO: Architecture:          amd64
lip 25, 2015 11:48:35 AM org.apache.catalina.startup.VersionLoggerListener log
INFO: Java Home:             C:\Program Files\Java\jdk1.8.0\jre
lip 25, 2015 11:48:35 AM org.apache.catalina.startup.VersionLoggerListener log
INFO: JVM Version:           1.8.0-b132
lip 25, 2015 11:48:35 AM org.apache.catalina.startup.VersionLoggerListener log
INFO: JVM Vendor:            Oracle Corporation
lip 25, 2015 11:48:35 AM org.apache.catalina.startup.VersionLoggerListener log
INFO: CATALINA_BASE:         C:\Users\Mateusz\tomcat\apache-tomcat-7.0.63
lip 25, 2015 11:48:35 AM org.apache.catalina.startup.VersionLoggerListener log
INFO: CATALINA_HOME:         C:\Users\Mateusz\tomcat\apache-tomcat-7.0.63
lip 25, 2015 11:48:35 AM org.apache.catalina.startup.VersionLoggerListener log
INFO: Command line argument: -Djava.util.logging.config.file=C:\Users\Mateusz\tomcat\apache-tomcat-7.0.63\conf\logging.properties
lip 25, 2015 11:48:35 AM org.apache.catalina.startup.VersionLoggerListener log
INFO: Command line argument: -Djava.util.logging.manager=org.apache.juli.ClassLoaderLogManager
lip 25, 2015 11:48:35 AM org.apache.catalina.startup.VersionLoggerListener log
INFO: Command line argument: -Djava.endorsed.dirs=C:\Users\Mateusz\tomcat\apache-tomcat-7.0.63\endorsed
lip 25, 2015 11:48:35 AM org.apache.catalina.startup.VersionLoggerListener log
INFO: Command line argument: -Dcatalina.base=C:\Users\Mateusz\tomcat\apache-tomcat-7.0.63
lip 25, 2015 11:48:35 AM org.apache.catalina.startup.VersionLoggerListener log
INFO: Command line argument: -Dcatalina.home=C:\Users\Mateusz\tomcat\apache-tomcat-7.0.63
lip 25, 2015 11:48:35 AM org.apache.catalina.startup.VersionLoggerListener log
INFO: Command line argument: -Djava.io.tmpdir=C:\Users\Mateusz\tomcat\apache-tomcat-7.0.63\temp
lip 25, 2015 11:48:35 AM org.apache.catalina.core.AprLifecycleListener lifecycleEvent
INFO: The APR based Apache Tomcat Native library which allows optimal performance in production environments was not found on the java.library.path: C:\Program Files\Java\jdk1.8.0\bin;C:\Windows\Sun\Java\bin;C:\Windows\system32;C:\Windows;C:\ProgramData\Oracle\Java\javapath;C:\Program Files (x86)\Intel\iCLS Client\;C:\Program Files\Intel\iCLS Client\;C:\Windows\system32;C:\Windows;C:\Windows\System32\Wbem;C:\Windows\System32\WindowsPowerShell\v1.0\;C:\Program Files\Intel\Intel(R) Management Engine Components\DAL;C:\Program Files\Intel\Intel(R) Management Engine Components\IPT;C:\Program Files (x86)\Intel\Intel(R) Management Engine Components\DAL;C:\Program Files (x86)\Intel\Intel(R) Management Engine Components\IPT;C:\Program Files (x86)\Intel\OpenCL SDK\2.0\bin\x86;C:\Program Files (x86)\Intel\OpenCL SDK\2.0\bin\x64;C:\Program Files (x86)\Calibre2\;C:\Program Files (x86)\Git\cmd;C:\Program Files (x86)\Skype\Phone\;C:\Users\Mateusz\Maven\apache-maven-3.3.3\bin;C:\Program Files\Java\jdk1.8.0\bin;C:\Users\Mateusz\tomcat\apache-tomcat-7.0.63\bin;.
lip 25, 2015 11:48:36 AM org.apache.coyote.AbstractProtocol init
INFO: Initializing ProtocolHandler ["http-bio-8080"]
lip 25, 2015 11:48:36 AM org.apache.coyote.AbstractProtocol init
INFO: Initializing ProtocolHandler ["ajp-bio-8009"]
lip 25, 2015 11:48:36 AM org.apache.catalina.startup.Catalina load
INFO: Initialization processed in 1550 ms
lip 25, 2015 11:48:36 AM org.apache.catalina.core.StandardService startInternal
INFO: Starting service Catalina
lip 25, 2015 11:48:36 AM org.apache.catalina.core.StandardEngine startInternal
INFO: Starting Servlet Engine: Apache Tomcat/7.0.63
lip 25, 2015 11:48:36 AM org.apache.catalina.startup.HostConfig deployDirectory
INFO: Deploying web application directory C:\Users\Mateusz\tomcat\apache-tomcat-7.0.63\webapps\docs
lip 25, 2015 11:48:37 AM org.apache.catalina.startup.HostConfig deployDirectory
INFO: Deployment of web application directory C:\Users\Mateusz\tomcat\apache-tomcat-7.0.63\webapps\docs has finished in 541 ms
lip 25, 2015 11:48:37 AM org.apache.catalina.startup.HostConfig deployDirectory
INFO: Deploying web application directory C:\Users\Mateusz\tomcat\apache-tomcat-7.0.63\webapps\examples
lip 25, 2015 11:48:37 AM org.apache.catalina.startup.HostConfig deployDirectory
INFO: Deployment of web application directory C:\Users\Mateusz\tomcat\apache-tomcat-7.0.63\webapps\examples has finished in 421 ms
lip 25, 2015 11:48:37 AM org.apache.catalina.startup.HostConfig deployDirectory
INFO: Deploying web application directory C:\Users\Mateusz\tomcat\apache-tomcat-7.0.63\webapps\host-manager
lip 25, 2015 11:48:37 AM org.apache.catalina.startup.HostConfig deployDirectory
INFO: Deployment of web application directory C:\Users\Mateusz\tomcat\apache-tomcat-7.0.63\webapps\host-manager has finished in 85 ms
lip 25, 2015 11:48:37 AM org.apache.catalina.startup.HostConfig deployDirectory
INFO: Deploying web application directory C:\Users\Mateusz\tomcat\apache-tomcat-7.0.63\webapps\manager
lip 25, 2015 11:48:37 AM org.apache.catalina.startup.HostConfig deployDirectory
INFO: Deployment of web application directory C:\Users\Mateusz\tomcat\apache-tomcat-7.0.63\webapps\manager has finished in 69 ms
lip 25, 2015 11:48:37 AM org.apache.catalina.startup.HostConfig deployDirectory
INFO: Deploying web application directory C:\Users\Mateusz\tomcat\apache-tomcat-7.0.63\webapps\ROOT
lip 25, 2015 11:48:37 AM org.apache.catalina.startup.HostConfig deployDirectory
INFO: Deployment of web application directory C:\Users\Mateusz\tomcat\apache-tomcat-7.0.63\webapps\ROOT has finished in 48 ms
lip 25, 2015 11:48:37 AM org.apache.coyote.AbstractProtocol start
INFO: Starting ProtocolHandler ["http-bio-8080"]
lip 25, 2015 11:48:37 AM org.apache.coyote.AbstractProtocol start
INFO: Starting ProtocolHandler ["ajp-bio-8009"]
lip 25, 2015 11:48:37 AM org.apache.catalina.startup.Catalina start
INFO: Server startup in 1331 ms
lip 25, 2015 11:57:18 AM org.apache.catalina.core.StandardServer await
INFO: A valid shutdown command was received via the shutdown port. Stopping the Server instance.
lip 25, 2015 11:57:18 AM org.apache.coyote.AbstractProtocol pause
INFO: Pausing ProtocolHandler ["http-bio-8080"]
lip 25, 2015 11:57:18 AM org.apache.coyote.AbstractProtocol pause
INFO: Pausing ProtocolHandler ["ajp-bio-8009"]
lip 25, 2015 11:57:18 AM org.apache.catalina.core.StandardService stopInternal
INFO: Stopping service Catalina
lip 25, 2015 11:57:18 AM org.apache.coyote.AbstractProtocol stop
INFO: Stopping ProtocolHandler ["http-bio-8080"]
lip 25, 2015 11:57:18 AM org.apache.coyote.AbstractProtocol stop
INFO: Stopping ProtocolHandler ["ajp-bio-8009"]
lip 25, 2015 11:57:18 AM org.apache.coyote.AbstractProtocol destroy
INFO: Destroying ProtocolHandler ["http-bio-8080"]
lip 25, 2015 11:57:18 AM org.apache.coyote.AbstractProtocol destroy
INFO: Destroying ProtocolHandler ["ajp-bio-8009"]
lip 25, 2015 11:57:23 AM org.apache.catalina.startup.VersionLoggerListener log
INFO: Server version:        Apache Tomcat/7.0.63
lip 25, 2015 11:57:23 AM org.apache.catalina.startup.VersionLoggerListener log
INFO: Server built:          Jun 30 2015 08:08:33 UTC
lip 25, 2015 11:57:23 AM org.apache.catalina.startup.VersionLoggerListener log
INFO: Server number:         7.0.63.0
lip 25, 2015 11:57:23 AM org.apache.catalina.startup.VersionLoggerListener log
INFO: OS Name:               Windows 7
lip 25, 2015 11:57:23 AM org.apache.catalina.startup.VersionLoggerListener log
INFO: OS Version:            6.1
lip 25, 2015 11:57:23 AM org.apache.catalina.startup.VersionLoggerListener log
INFO: Architecture:          amd64
lip 25, 2015 11:57:23 AM org.apache.catalina.startup.VersionLoggerListener log
INFO: Java Home:             C:\Program Files\Java\jdk1.8.0\jre
lip 25, 2015 11:57:23 AM org.apache.catalina.startup.VersionLoggerListener log
INFO: JVM Version:           1.8.0-b132
lip 25, 2015 11:57:23 AM org.apache.catalina.startup.VersionLoggerListener log
INFO: JVM Vendor:            Oracle Corporation
lip 25, 2015 11:57:23 AM org.apache.catalina.startup.VersionLoggerListener log
INFO: CATALINA_BASE:         C:\Users\Mateusz\tomcat\apache-tomcat-7.0.63
lip 25, 2015 11:57:23 AM org.apache.catalina.startup.VersionLoggerListener log
INFO: CATALINA_HOME:         C:\Users\Mateusz\tomcat\apache-tomcat-7.0.63
lip 25, 2015 11:57:23 AM org.apache.catalina.startup.VersionLoggerListener log
INFO: Command line argument: -Djava.util.logging.config.file=C:\Users\Mateusz\tomcat\apache-tomcat-7.0.63\conf\logging.properties
lip 25, 2015 11:57:23 AM org.apache.catalina.startup.VersionLoggerListener log
INFO: Command line argument: -Djava.util.logging.manager=org.apache.juli.ClassLoaderLogManager
lip 25, 2015 11:57:23 AM org.apache.catalina.startup.VersionLoggerListener log
INFO: Command line argument: -Djava.endorsed.dirs=C:\Users\Mateusz\tomcat\apache-tomcat-7.0.63\endorsed
lip 25, 2015 11:57:23 AM org.apache.catalina.startup.VersionLoggerListener log
INFO: Command line argument: -Dcatalina.base=C:\Users\Mateusz\tomcat\apache-tomcat-7.0.63
lip 25, 2015 11:57:23 AM org.apache.catalina.startup.VersionLoggerListener log
INFO: Command line argument: -Dcatalina.home=C:\Users\Mateusz\tomcat\apache-tomcat-7.0.63
lip 25, 2015 11:57:23 AM org.apache.catalina.startup.VersionLoggerListener log
INFO: Command line argument: -Djava.io.tmpdir=C:\Users\Mateusz\tomcat\apache-tomcat-7.0.63\temp
lip 25, 2015 11:57:23 AM org.apache.catalina.core.AprLifecycleListener lifecycleEvent
INFO: The APR based Apache Tomcat Native library which allows optimal performance in production environments was not found on the java.library.path: C:\Program Files\Java\jdk1.8.0\bin;C:\Windows\Sun\Java\bin;C:\Windows\system32;C:\Windows;C:\ProgramData\Oracle\Java\javapath;C:\Program Files (x86)\Intel\iCLS Client\;C:\Program Files\Intel\iCLS Client\;C:\Windows\system32;C:\Windows;C:\Windows\System32\Wbem;C:\Windows\System32\WindowsPowerShell\v1.0\;C:\Program Files\Intel\Intel(R) Management Engine Components\DAL;C:\Program Files\Intel\Intel(R) Management Engine Components\IPT;C:\Program Files (x86)\Intel\Intel(R) Management Engine Components\DAL;C:\Program Files (x86)\Intel\Intel(R) Management Engine Components\IPT;C:\Program Files (x86)\Intel\OpenCL SDK\2.0\bin\x86;C:\Program Files (x86)\Intel\OpenCL SDK\2.0\bin\x64;C:\Program Files (x86)\Calibre2\;C:\Program Files (x86)\Git\cmd;C:\Program Files (x86)\Skype\Phone\;C:\Users\Mateusz\Maven\apache-maven-3.3.3\bin;C:\Program Files\Java\jdk1.8.0\bin;C:\Users\Mateusz\tomcat\apache-tomcat-7.0.63\bin;.
lip 25, 2015 11:57:23 AM org.apache.coyote.AbstractProtocol init
INFO: Initializing ProtocolHandler ["http-bio-8080"]
lip 25, 2015 11:57:23 AM org.apache.coyote.AbstractProtocol init
INFO: Initializing ProtocolHandler ["ajp-bio-8009"]
lip 25, 2015 11:57:23 AM org.apache.catalina.startup.Catalina load
INFO: Initialization processed in 485 ms
lip 25, 2015 11:57:23 AM org.apache.catalina.core.StandardService startInternal
INFO: Starting service Catalina
lip 25, 2015 11:57:23 AM org.apache.catalina.core.StandardEngine startInternal
INFO: Starting Servlet Engine: Apache Tomcat/7.0.63
lip 25, 2015 11:57:23 AM org.apache.catalina.startup.HostConfig deployDirectory
INFO: Deploying web application directory C:\Users\Mateusz\tomcat\apache-tomcat-7.0.63\webapps\docs
lip 25, 2015 11:57:24 AM org.apache.catalina.startup.HostConfig deployDirectory
INFO: Deployment of web application directory C:\Users\Mateusz\tomcat\apache-tomcat-7.0.63\webapps\docs has finished in 285 ms
lip 25, 2015 11:57:24 AM org.apache.catalina.startup.HostConfig deployDirectory
INFO: Deploying web application directory C:\Users\Mateusz\tomcat\apache-tomcat-7.0.63\webapps\examples
lip 25, 2015 11:57:24 AM org.apache.catalina.startup.HostConfig deployDirectory
INFO: Deployment of web application directory C:\Users\Mateusz\tomcat\apache-tomcat-7.0.63\webapps\examples has finished in 355 ms
lip 25, 2015 11:57:24 AM org.apache.catalina.startup.HostConfig deployDirectory
INFO: Deploying web application directory C:\Users\Mateusz\tomcat\apache-tomcat-7.0.63\webapps\host-manager
lip 25, 2015 11:57:24 AM org.apache.catalina.startup.HostConfig deployDirectory
INFO: Deployment of web application directory C:\Users\Mateusz\tomcat\apache-tomcat-7.0.63\webapps\host-manager has finished in 69 ms
lip 25, 2015 11:57:24 AM org.apache.catalina.startup.HostConfig deployDirectory
INFO: Deploying web application directory C:\Users\Mateusz\tomcat\apache-tomcat-7.0.63\webapps\manager
lip 25, 2015 11:57:24 AM org.apache.catalina.startup.HostConfig deployDirectory
INFO: Deployment of web application directory C:\Users\Mateusz\tomcat\apache-tomcat-7.0.63\webapps\manager has finished in 75 ms
lip 25, 2015 11:57:24 AM org.apache.catalina.startup.HostConfig deployDirectory
INFO: Deploying web application directory C:\Users\Mateusz\tomcat\apache-tomcat-7.0.63\webapps\ROOT
lip 25, 2015 11:57:24 AM org.apache.catalina.startup.HostConfig deployDirectory
INFO: Deployment of web application directory C:\Users\Mateusz\tomcat\apache-tomcat-7.0.63\webapps\ROOT has finished in 50 ms
lip 25, 2015 11:57:24 AM org.apache.coyote.AbstractProtocol start
INFO: Starting ProtocolHandler ["http-bio-8080"]
lip 25, 2015 11:57:24 AM org.apache.coyote.AbstractProtocol start
INFO: Starting ProtocolHandler ["ajp-bio-8009"]
lip 25, 2015 11:57:24 AM org.apache.catalina.startup.Catalina start
INFO: Server startup in 893 ms
lip 25, 2015 11:58:58 AM org.apache.catalina.core.StandardServer await
INFO: A valid shutdown command was received via the shutdown port. Stopping the Server instance.
lip 25, 2015 11:58:58 AM org.apache.coyote.AbstractProtocol pause
INFO: Pausing ProtocolHandler ["http-bio-8080"]
lip 25, 2015 11:58:58 AM org.apache.coyote.AbstractProtocol pause
INFO: Pausing ProtocolHandler ["ajp-bio-8009"]
lip 25, 2015 11:58:58 AM org.apache.catalina.core.StandardService stopInternal
INFO: Stopping service Catalina
lip 25, 2015 11:58:58 AM org.apache.coyote.AbstractProtocol stop
INFO: Stopping ProtocolHandler ["http-bio-8080"]
lip 25, 2015 11:58:58 AM org.apache.coyote.AbstractProtocol stop
INFO: Stopping ProtocolHandler ["ajp-bio-8009"]
lip 25, 2015 11:58:58 AM org.apache.coyote.AbstractProtocol destroy
INFO: Destroying ProtocolHandler ["http-bio-8080"]
lip 25, 2015 11:58:58 AM org.apache.coyote.AbstractProtocol destroy
INFO: Destroying ProtocolHandler ["ajp-bio-8009"]
lip 25, 2015 11:59:00 AM org.apache.catalina.startup.VersionLoggerListener log
INFO: Server version:        Apache Tomcat/7.0.63
lip 25, 2015 11:59:00 AM org.apache.catalina.startup.VersionLoggerListener log
INFO: Server built:          Jun 30 2015 08:08:33 UTC
lip 25, 2015 11:59:00 AM org.apache.catalina.startup.VersionLoggerListener log
INFO: Server number:         7.0.63.0
lip 25, 2015 11:59:00 AM org.apache.catalina.startup.VersionLoggerListener log
INFO: OS Name:               Windows 7
lip 25, 2015 11:59:00 AM org.apache.catalina.startup.VersionLoggerListener log
INFO: OS Version:            6.1
lip 25, 2015 11:59:00 AM org.apache.catalina.startup.VersionLoggerListener log
INFO: Architecture:          amd64
lip 25, 2015 11:59:00 AM org.apache.catalina.startup.VersionLoggerListener log
INFO: Java Home:             C:\Program Files\Java\jdk1.8.0\jre
lip 25, 2015 11:59:00 AM org.apache.catalina.startup.VersionLoggerListener log
INFO: JVM Version:           1.8.0-b132
lip 25, 2015 11:59:00 AM org.apache.catalina.startup.VersionLoggerListener log
INFO: JVM Vendor:            Oracle Corporation
lip 25, 2015 11:59:00 AM org.apache.catalina.startup.VersionLoggerListener log
INFO: CATALINA_BASE:         C:\Users\Mateusz\tomcat\apache-tomcat-7.0.63
lip 25, 2015 11:59:00 AM org.apache.catalina.startup.VersionLoggerListener log
INFO: CATALINA_HOME:         C:\Users\Mateusz\tomcat\apache-tomcat-7.0.63
lip 25, 2015 11:59:00 AM org.apache.catalina.startup.VersionLoggerListener log
INFO: Command line argument: -Djava.util.logging.config.file=C:\Users\Mateusz\tomcat\apache-tomcat-7.0.63\conf\logging.properties
lip 25, 2015 11:59:00 AM org.apache.catalina.startup.VersionLoggerListener log
INFO: Command line argument: -Djava.util.logging.manager=org.apache.juli.ClassLoaderLogManager
lip 25, 2015 11:59:00 AM org.apache.catalina.startup.VersionLoggerListener log
INFO: Command line argument: -Djava.endorsed.dirs=C:\Users\Mateusz\tomcat\apache-tomcat-7.0.63\endorsed
lip 25, 2015 11:59:00 AM org.apache.catalina.startup.VersionLoggerListener log
INFO: Command line argument: -Dcatalina.base=C:\Users\Mateusz\tomcat\apache-tomcat-7.0.63
lip 25, 2015 11:59:00 AM org.apache.catalina.startup.VersionLoggerListener log
INFO: Command line argument: -Dcatalina.home=C:\Users\Mateusz\tomcat\apache-tomcat-7.0.63
lip 25, 2015 11:59:00 AM org.apache.catalina.startup.VersionLoggerListener log
INFO: Command line argument: -Djava.io.tmpdir=C:\Users\Mateusz\tomcat\apache-tomcat-7.0.63\temp
lip 25, 2015 11:59:00 AM org.apache.catalina.core.AprLifecycleListener lifecycleEvent
INFO: The APR based Apache Tomcat Native library which allows optimal performance in production environments was not found on the java.library.path: C:\Program Files\Java\jdk1.8.0\bin;C:\Windows\Sun\Java\bin;C:\Windows\system32;C:\Windows;C:\ProgramData\Oracle\Java\javapath;C:\Program Files (x86)\Intel\iCLS Client\;C:\Program Files\Intel\iCLS Client\;C:\Windows\system32;C:\Windows;C:\Windows\System32\Wbem;C:\Windows\System32\WindowsPowerShell\v1.0\;C:\Program Files\Intel\Intel(R) Management Engine Components\DAL;C:\Program Files\Intel\Intel(R) Management Engine Components\IPT;C:\Program Files (x86)\Intel\Intel(R) Management Engine Components\DAL;C:\Program Files (x86)\Intel\Intel(R) Management Engine Components\IPT;C:\Program Files (x86)\Intel\OpenCL SDK\2.0\bin\x86;C:\Program Files (x86)\Intel\OpenCL SDK\2.0\bin\x64;C:\Program Files (x86)\Calibre2\;C:\Program Files (x86)\Git\cmd;C:\Program Files (x86)\Skype\Phone\;C:\Users\Mateusz\Maven\apache-maven-3.3.3\bin;C:\Program Files\Java\jdk1.8.0\bin;C:\Users\Mateusz\tomcat\apache-tomcat-7.0.63\bin;.
lip 25, 2015 11:59:00 AM org.apache.coyote.AbstractProtocol init
INFO: Initializing ProtocolHandler ["http-bio-8080"]
lip 25, 2015 11:59:00 AM org.apache.coyote.AbstractProtocol init
INFO: Initializing ProtocolHandler ["ajp-bio-8009"]
lip 25, 2015 11:59:00 AM org.apache.catalina.startup.Catalina load
INFO: Initialization processed in 450 ms
lip 25, 2015 11:59:00 AM org.apache.catalina.core.StandardService startInternal
INFO: Starting service Catalina
lip 25, 2015 11:59:00 AM org.apache.catalina.core.StandardEngine startInternal
INFO: Starting Servlet Engine: Apache Tomcat/7.0.63
lip 25, 2015 11:59:00 AM org.apache.catalina.startup.HostConfig deployDirectory
INFO: Deploying web application directory C:\Users\Mateusz\tomcat\apache-tomcat-7.0.63\webapps\docs
lip 25, 2015 11:59:00 AM org.apache.catalina.startup.HostConfig deployDirectory
INFO: Deployment of web application directory C:\Users\Mateusz\tomcat\apache-tomcat-7.0.63\webapps\docs has finished in 284 ms
lip 25, 2015 11:59:00 AM org.apache.catalina.startup.HostConfig deployDirectory
INFO: Deploying web application directory C:\Users\Mateusz\tomcat\apache-tomcat-7.0.63\webapps\examples
lip 25, 2015 11:59:01 AM org.apache.catalina.startup.HostConfig deployDirectory
INFO: Deployment of web application directory C:\Users\Mateusz\tomcat\apache-tomcat-7.0.63\webapps\examples has finished in 333 ms
lip 25, 2015 11:59:01 AM org.apache.catalina.startup.HostConfig deployDirectory
INFO: Deploying web application directory C:\Users\Mateusz\tomcat\apache-tomcat-7.0.63\webapps\host-manager
lip 25, 2015 11:59:01 AM org.apache.catalina.startup.HostConfig deployDirectory
INFO: Deployment of web application directory C:\Users\Mateusz\tomcat\apache-tomcat-7.0.63\webapps\host-manager has finished in 71 ms
lip 25, 2015 11:59:01 AM org.apache.catalina.startup.HostConfig deployDirectory
INFO: Deploying web application directory C:\Users\Mateusz\tomcat\apache-tomcat-7.0.63\webapps\manager
lip 25, 2015 11:59:01 AM org.apache.catalina.startup.HostConfig deployDirectory
INFO: Deployment of web application directory C:\Users\Mateusz\tomcat\apache-tomcat-7.0.63\webapps\manager has finished in 87 ms
lip 25, 2015 11:59:01 AM org.apache.catalina.startup.HostConfig deployDirectory
INFO: Deploying web application directory C:\Users\Mateusz\tomcat\apache-tomcat-7.0.63\webapps\ROOT
lip 25, 2015 11:59:01 AM org.apache.catalina.startup.HostConfig deployDirectory
INFO: Deployment of web application directory C:\Users\Mateusz\tomcat\apache-tomcat-7.0.63\webapps\ROOT has finished in 47 ms
lip 25, 2015 11:59:01 AM org.apache.coyote.AbstractProtocol start
INFO: Starting ProtocolHandler ["http-bio-8080"]
lip 25, 2015 11:59:01 AM org.apache.coyote.AbstractProtocol start
INFO: Starting ProtocolHandler ["ajp-bio-8009"]
lip 25, 2015 11:59:01 AM org.apache.catalina.startup.Catalina start
INFO: Server startup in 878 ms
lip 25, 2015 12:00:29 PM org.apache.catalina.core.StandardServer await
INFO: A valid shutdown command was received via the shutdown port. Stopping the Server instance.
lip 25, 2015 12:00:29 PM org.apache.coyote.AbstractProtocol pause
INFO: Pausing ProtocolHandler ["http-bio-8080"]
lip 25, 2015 12:00:29 PM org.apache.coyote.AbstractProtocol pause
INFO: Pausing ProtocolHandler ["ajp-bio-8009"]
lip 25, 2015 12:00:30 PM org.apache.catalina.core.StandardService stopInternal
INFO: Stopping service Catalina
lip 25, 2015 12:00:30 PM org.apache.coyote.AbstractProtocol stop
INFO: Stopping ProtocolHandler ["http-bio-8080"]
lip 25, 2015 12:00:30 PM org.apache.coyote.AbstractProtocol stop
INFO: Stopping ProtocolHandler ["ajp-bio-8009"]
lip 25, 2015 12:00:30 PM org.apache.coyote.AbstractProtocol destroy
INFO: Destroying ProtocolHandler ["http-bio-8080"]
lip 25, 2015 12:00:30 PM org.apache.coyote.AbstractProtocol destroy
INFO: Destroying ProtocolHandler ["ajp-bio-8009"]
lip 25, 2015 12:00:34 PM org.apache.catalina.startup.VersionLoggerListener log
INFO: Server version:        Apache Tomcat/7.0.63
lip 25, 2015 12:00:34 PM org.apache.catalina.startup.VersionLoggerListener log
INFO: Server built:          Jun 30 2015 08:08:33 UTC
lip 25, 2015 12:00:34 PM org.apache.catalina.startup.VersionLoggerListener log
INFO: Server number:         7.0.63.0
lip 25, 2015 12:00:34 PM org.apache.catalina.startup.VersionLoggerListener log
INFO: OS Name:               Windows 7
lip 25, 2015 12:00:34 PM org.apache.catalina.startup.VersionLoggerListener log
INFO: OS Version:            6.1
lip 25, 2015 12:00:34 PM org.apache.catalina.startup.VersionLoggerListener log
INFO: Architecture:          amd64
lip 25, 2015 12:00:34 PM org.apache.catalina.startup.VersionLoggerListener log
INFO: Java Home:             C:\Program Files\Java\jdk1.8.0\jre
lip 25, 2015 12:00:34 PM org.apache.catalina.startup.VersionLoggerListener log
INFO: JVM Version:           1.8.0-b132
lip 25, 2015 12:00:34 PM org.apache.catalina.startup.VersionLoggerListener log
INFO: JVM Vendor:            Oracle Corporation
lip 25, 2015 12:00:34 PM org.apache.catalina.startup.VersionLoggerListener log
INFO: CATALINA_BASE:         C:\Users\Mateusz\tomcat\apache-tomcat-7.0.63
lip 25, 2015 12:00:34 PM org.apache.catalina.startup.VersionLoggerListener log
INFO: CATALINA_HOME:         C:\Users\Mateusz\tomcat\apache-tomcat-7.0.63
lip 25, 2015 12:00:34 PM org.apache.catalina.startup.VersionLoggerListener log
INFO: Command line argument: -Djava.util.logging.config.file=C:\Users\Mateusz\tomcat\apache-tomcat-7.0.63\conf\logging.properties
lip 25, 2015 12:00:34 PM org.apache.catalina.startup.VersionLoggerListener log
INFO: Command line argument: -Djava.util.logging.manager=org.apache.juli.ClassLoaderLogManager
lip 25, 2015 12:00:34 PM org.apache.catalina.startup.VersionLoggerListener log
INFO: Command line argument: -Djava.endorsed.dirs=C:\Users\Mateusz\tomcat\apache-tomcat-7.0.63\endorsed
lip 25, 2015 12:00:34 PM org.apache.catalina.startup.VersionLoggerListener log
INFO: Command line argument: -Dcatalina.base=C:\Users\Mateusz\tomcat\apache-tomcat-7.0.63
lip 25, 2015 12:00:34 PM org.apache.catalina.startup.VersionLoggerListener log
INFO: Command line argument: -Dcatalina.home=C:\Users\Mateusz\tomcat\apache-tomcat-7.0.63
lip 25, 2015 12:00:34 PM org.apache.catalina.startup.VersionLoggerListener log
INFO: Command line argument: -Djava.io.tmpdir=C:\Users\Mateusz\tomcat\apache-tomcat-7.0.63\temp
lip 25, 2015 12:00:34 PM org.apache.catalina.core.AprLifecycleListener lifecycleEvent
INFO: The APR based Apache Tomcat Native library which allows optimal performance in production environments was not found on the java.library.path: C:\Program Files\Java\jdk1.8.0\bin;C:\Windows\Sun\Java\bin;C:\Windows\system32;C:\Windows;C:\ProgramData\Oracle\Java\javapath;C:\Program Files (x86)\Intel\iCLS Client\;C:\Program Files\Intel\iCLS Client\;C:\Windows\system32;C:\Windows;C:\Windows\System32\Wbem;C:\Windows\System32\WindowsPowerShell\v1.0\;C:\Program Files\Intel\Intel(R) Management Engine Components\DAL;C:\Program Files\Intel\Intel(R) Management Engine Components\IPT;C:\Program Files (x86)\Intel\Intel(R) Management Engine Components\DAL;C:\Program Files (x86)\Intel\Intel(R) Management Engine Components\IPT;C:\Program Files (x86)\Intel\OpenCL SDK\2.0\bin\x86;C:\Program Files (x86)\Intel\OpenCL SDK\2.0\bin\x64;C:\Program Files (x86)\Calibre2\;C:\Program Files (x86)\Git\cmd;C:\Program Files (x86)\Skype\Phone\;C:\Users\Mateusz\Maven\apache-maven-3.3.3\bin;C:\Program Files\Java\jdk1.8.0\bin;C:\Users\Mateusz\tomcat\apache-tomcat-7.0.63\bin;.
lip 25, 2015 12:00:34 PM org.apache.coyote.AbstractProtocol init
INFO: Initializing ProtocolHandler ["http-bio-8080"]
lip 25, 2015 12:00:34 PM org.apache.coyote.AbstractProtocol init
INFO: Initializing ProtocolHandler ["ajp-bio-8009"]
lip 25, 2015 12:00:34 PM org.apache.catalina.startup.Catalina load
INFO: Initialization processed in 481 ms
lip 25, 2015 12:00:34 PM org.apache.catalina.core.StandardService startInternal
INFO: Starting service Catalina
lip 25, 2015 12:00:34 PM org.apache.catalina.core.StandardEngine startInternal
INFO: Starting Servlet Engine: Apache Tomcat/7.0.63
lip 25, 2015 12:00:34 PM org.apache.catalina.startup.HostConfig deployDirectory
INFO: Deploying web application directory C:\Users\Mateusz\tomcat\apache-tomcat-7.0.63\webapps\docs
lip 25, 2015 12:00:34 PM org.apache.catalina.startup.HostConfig deployDirectory
INFO: Deployment of web application directory C:\Users\Mateusz\tomcat\apache-tomcat-7.0.63\webapps\docs has finished in 274 ms
lip 25, 2015 12:00:34 PM org.apache.catalina.startup.HostConfig deployDirectory
INFO: Deploying web application directory C:\Users\Mateusz\tomcat\apache-tomcat-7.0.63\webapps\examples
lip 25, 2015 12:00:34 PM org.apache.catalina.startup.HostConfig deployDirectory
INFO: Deployment of web application directory C:\Users\Mateusz\tomcat\apache-tomcat-7.0.63\webapps\examples has finished in 335 ms
lip 25, 2015 12:00:34 PM org.apache.catalina.startup.HostConfig deployDirectory
INFO: Deploying web application directory C:\Users\Mateusz\tomcat\apache-tomcat-7.0.63\webapps\host-manager
lip 25, 2015 12:00:34 PM org.apache.catalina.startup.HostConfig deployDirectory
INFO: Deployment of web application directory C:\Users\Mateusz\tomcat\apache-tomcat-7.0.63\webapps\host-manager has finished in 74 ms
lip 25, 2015 12:00:34 PM org.apache.catalina.startup.HostConfig deployDirectory
INFO: Deploying web application directory C:\Users\Mateusz\tomcat\apache-tomcat-7.0.63\webapps\manager
lip 25, 2015 12:00:35 PM org.apache.catalina.startup.HostConfig deployDirectory
INFO: Deployment of web application directory C:\Users\Mateusz\tomcat\apache-tomcat-7.0.63\webapps\manager has finished in 89 ms
lip 25, 2015 12:00:35 PM org.apache.catalina.startup.HostConfig deployDirectory
INFO: Deploying web application directory C:\Users\Mateusz\tomcat\apache-tomcat-7.0.63\webapps\ROOT
lip 25, 2015 12:00:35 PM org.apache.catalina.startup.HostConfig deployDirectory
INFO: Deployment of web application directory C:\Users\Mateusz\tomcat\apache-tomcat-7.0.63\webapps\ROOT has finished in 48 ms
lip 25, 2015 12:00:35 PM org.apache.coyote.AbstractProtocol start
INFO: Starting ProtocolHandler ["http-bio-8080"]
lip 25, 2015 12:00:35 PM org.apache.coyote.AbstractProtocol start
INFO: Starting ProtocolHandler ["ajp-bio-8009"]
lip 25, 2015 12:00:35 PM org.apache.catalina.startup.Catalina start
INFO: Server startup in 872 ms
lip 25, 2015 12:02:08 PM org.apache.catalina.core.StandardServer await
INFO: A valid shutdown command was received via the shutdown port. Stopping the Server instance.
lip 25, 2015 12:02:08 PM org.apache.coyote.AbstractProtocol pause
INFO: Pausing ProtocolHandler ["http-bio-8080"]
lip 25, 2015 12:02:08 PM org.apache.coyote.AbstractProtocol pause
INFO: Pausing ProtocolHandler ["ajp-bio-8009"]
lip 25, 2015 12:02:08 PM org.apache.catalina.core.StandardService stopInternal
INFO: Stopping service Catalina
lip 25, 2015 12:02:08 PM org.apache.coyote.AbstractProtocol stop
INFO: Stopping ProtocolHandler ["http-bio-8080"]
lip 25, 2015 12:02:08 PM org.apache.coyote.AbstractProtocol stop
INFO: Stopping ProtocolHandler ["ajp-bio-8009"]
lip 25, 2015 12:02:08 PM org.apache.coyote.AbstractProtocol destroy
INFO: Destroying ProtocolHandler ["http-bio-8080"]
lip 25, 2015 12:02:08 PM org.apache.coyote.AbstractProtocol destroy
INFO: Destroying ProtocolHandler ["ajp-bio-8009"]
lip 25, 2015 12:02:11 PM org.apache.catalina.startup.VersionLoggerListener log
INFO: Server version:        Apache Tomcat/7.0.63
lip 25, 2015 12:02:11 PM org.apache.catalina.startup.VersionLoggerListener log
INFO: Server built:          Jun 30 2015 08:08:33 UTC
lip 25, 2015 12:02:11 PM org.apache.catalina.startup.VersionLoggerListener log
INFO: Server number:         7.0.63.0
lip 25, 2015 12:02:11 PM org.apache.catalina.startup.VersionLoggerListener log
INFO: OS Name:               Windows 7
lip 25, 2015 12:02:11 PM org.apache.catalina.startup.VersionLoggerListener log
INFO: OS Version:            6.1
lip 25, 2015 12:02:11 PM org.apache.catalina.startup.VersionLoggerListener log
INFO: Architecture:          amd64
lip 25, 2015 12:02:11 PM org.apache.catalina.startup.VersionLoggerListener log
INFO: Java Home:             C:\Program Files\Java\jdk1.8.0\jre
lip 25, 2015 12:02:11 PM org.apache.catalina.startup.VersionLoggerListener log
INFO: JVM Version:           1.8.0-b132
lip 25, 2015 12:02:11 PM org.apache.catalina.startup.VersionLoggerListener log
INFO: JVM Vendor:            Oracle Corporation
lip 25, 2015 12:02:11 PM org.apache.catalina.startup.VersionLoggerListener log
INFO: CATALINA_BASE:         C:\Users\Mateusz\tomcat\apache-tomcat-7.0.63
lip 25, 2015 12:02:11 PM org.apache.catalina.startup.VersionLoggerListener log
INFO: CATALINA_HOME:         C:\Users\Mateusz\tomcat\apache-tomcat-7.0.63
lip 25, 2015 12:02:11 PM org.apache.catalina.startup.VersionLoggerListener log
INFO: Command line argument: -Djava.util.logging.config.file=C:\Users\Mateusz\tomcat\apache-tomcat-7.0.63\conf\logging.properties
lip 25, 2015 12:02:11 PM org.apache.catalina.startup.VersionLoggerListener log
INFO: Command line argument: -Djava.util.logging.manager=org.apache.juli.ClassLoaderLogManager
lip 25, 2015 12:02:11 PM org.apache.catalina.startup.VersionLoggerListener log
INFO: Command line argument: -Djava.endorsed.dirs=C:\Users\Mateusz\tomcat\apache-tomcat-7.0.63\endorsed
lip 25, 2015 12:02:11 PM org.apache.catalina.startup.VersionLoggerListener log
INFO: Command line argument: -Dcatalina.base=C:\Users\Mateusz\tomcat\apache-tomcat-7.0.63
lip 25, 2015 12:02:11 PM org.apache.catalina.startup.VersionLoggerListener log
INFO: Command line argument: -Dcatalina.home=C:\Users\Mateusz\tomcat\apache-tomcat-7.0.63
lip 25, 2015 12:02:11 PM org.apache.catalina.startup.VersionLoggerListener log
INFO: Command line argument: -Djava.io.tmpdir=C:\Users\Mateusz\tomcat\apache-tomcat-7.0.63\temp
lip 25, 2015 12:02:11 PM org.apache.catalina.core.AprLifecycleListener lifecycleEvent
INFO: The APR based Apache Tomcat Native library which allows optimal performance in production environments was not found on the java.library.path: C:\Program Files\Java\jdk1.8.0\bin;C:\Windows\Sun\Java\bin;C:\Windows\system32;C:\Windows;C:\ProgramData\Oracle\Java\javapath;C:\Program Files (x86)\Intel\iCLS Client\;C:\Program Files\Intel\iCLS Client\;C:\Windows\system32;C:\Windows;C:\Windows\System32\Wbem;C:\Windows\System32\WindowsPowerShell\v1.0\;C:\Program Files\Intel\Intel(R) Management Engine Components\DAL;C:\Program Files\Intel\Intel(R) Management Engine Components\IPT;C:\Program Files (x86)\Intel\Intel(R) Management Engine Components\DAL;C:\Program Files (x86)\Intel\Intel(R) Management Engine Components\IPT;C:\Program Files (x86)\Intel\OpenCL SDK\2.0\bin\x86;C:\Program Files (x86)\Intel\OpenCL SDK\2.0\bin\x64;C:\Program Files (x86)\Calibre2\;C:\Program Files (x86)\Git\cmd;C:\Program Files (x86)\Skype\Phone\;C:\Users\Mateusz\Maven\apache-maven-3.3.3\bin;C:\Program Files\Java\jdk1.8.0\bin;C:\Users\Mateusz\tomcat\apache-tomcat-7.0.63\bin;.
lip 25, 2015 12:02:12 PM org.apache.coyote.AbstractProtocol init
INFO: Initializing ProtocolHandler ["http-bio-8080"]
lip 25, 2015 12:02:12 PM org.apache.coyote.AbstractProtocol init
INFO: Initializing ProtocolHandler ["ajp-bio-8009"]
lip 25, 2015 12:02:12 PM org.apache.catalina.startup.Catalina load
INFO: Initialization processed in 471 ms
lip 25, 2015 12:02:12 PM org.apache.catalina.core.StandardService startInternal
INFO: Starting service Catalina
lip 25, 2015 12:02:12 PM org.apache.catalina.core.StandardEngine startInternal
INFO: Starting Servlet Engine: Apache Tomcat/7.0.63
lip 25, 2015 12:02:12 PM org.apache.catalina.startup.HostConfig deployDirectory
INFO: Deploying web application directory C:\Users\Mateusz\tomcat\apache-tomcat-7.0.63\webapps\docs
lip 25, 2015 12:02:12 PM org.apache.catalina.startup.HostConfig deployDirectory
INFO: Deployment of web application directory C:\Users\Mateusz\tomcat\apache-tomcat-7.0.63\webapps\docs has finished in 281 ms
lip 25, 2015 12:02:12 PM org.apache.catalina.startup.HostConfig deployDirectory
INFO: Deploying web application directory C:\Users\Mateusz\tomcat\apache-tomcat-7.0.63\webapps\examples
lip 25, 2015 12:02:12 PM org.apache.catalina.startup.HostConfig deployDirectory
INFO: Deployment of web application directory C:\Users\Mateusz\tomcat\apache-tomcat-7.0.63\webapps\examples has finished in 349 ms
lip 25, 2015 12:02:12 PM org.apache.catalina.startup.HostConfig deployDirectory
INFO: Deploying web application directory C:\Users\Mateusz\tomcat\apache-tomcat-7.0.63\webapps\host-manager
lip 25, 2015 12:02:12 PM org.apache.catalina.startup.HostConfig deployDirectory
INFO: Deployment of web application directory C:\Users\Mateusz\tomcat\apache-tomcat-7.0.63\webapps\host-manager has finished in 73 ms
lip 25, 2015 12:02:12 PM org.apache.catalina.startup.HostConfig deployDirectory
INFO: Deploying web application directory C:\Users\Mateusz\tomcat\apache-tomcat-7.0.63\webapps\manager
lip 25, 2015 12:02:12 PM org.apache.catalina.startup.HostConfig deployDirectory
INFO: Deployment of web application directory C:\Users\Mateusz\tomcat\apache-tomcat-7.0.63\webapps\manager has finished in 111 ms
lip 25, 2015 12:02:12 PM org.apache.catalina.startup.HostConfig deployDirectory
INFO: Deploying web application directory C:\Users\Mateusz\tomcat\apache-tomcat-7.0.63\webapps\ROOT
lip 25, 2015 12:02:12 PM org.apache.catalina.startup.HostConfig deployDirectory
INFO: Deployment of web application directory C:\Users\Mateusz\tomcat\apache-tomcat-7.0.63\webapps\ROOT has finished in 57 ms
lip 25, 2015 12:02:12 PM org.apache.coyote.AbstractProtocol start
INFO: Starting ProtocolHandler ["http-bio-8080"]
lip 25, 2015 12:02:12 PM org.apache.coyote.AbstractProtocol start
INFO: Starting ProtocolHandler ["ajp-bio-8009"]
lip 25, 2015 12:02:12 PM org.apache.catalina.startup.Catalina start
INFO: Server startup in 929 ms
lip 25, 2015 12:23:41 PM org.apache.catalina.core.StandardServer await
INFO: A valid shutdown command was received via the shutdown port. Stopping the Server instance.
lip 25, 2015 12:23:41 PM org.apache.coyote.AbstractProtocol pause
INFO: Pausing ProtocolHandler ["http-bio-8080"]
lip 25, 2015 12:23:41 PM org.apache.coyote.AbstractProtocol pause
INFO: Pausing ProtocolHandler ["ajp-bio-8009"]
lip 25, 2015 12:23:41 PM org.apache.catalina.core.StandardService stopInternal
INFO: Stopping service Catalina
lip 25, 2015 12:23:41 PM org.apache.coyote.AbstractProtocol stop
INFO: Stopping ProtocolHandler ["http-bio-8080"]
lip 25, 2015 12:23:41 PM org.apache.coyote.AbstractProtocol stop
INFO: Stopping ProtocolHandler ["ajp-bio-8009"]
lip 25, 2015 12:23:41 PM org.apache.coyote.AbstractProtocol destroy
INFO: Destroying ProtocolHandler ["http-bio-8080"]
lip 25, 2015 12:23:41 PM org.apache.coyote.AbstractProtocol destroy
INFO: Destroying ProtocolHandler ["ajp-bio-8009"]
