lip 26, 2015 11:13:35 AM org.apache.catalina.startup.VersionLoggerListener log
INFO: Server version:        Apache Tomcat/7.0.63
lip 26, 2015 11:13:35 AM org.apache.catalina.startup.VersionLoggerListener log
INFO: Server built:          Jun 30 2015 08:08:33 UTC
lip 26, 2015 11:13:35 AM org.apache.catalina.startup.VersionLoggerListener log
INFO: Server number:         7.0.63.0
lip 26, 2015 11:13:35 AM org.apache.catalina.startup.VersionLoggerListener log
INFO: OS Name:               Windows 7
lip 26, 2015 11:13:35 AM org.apache.catalina.startup.VersionLoggerListener log
INFO: OS Version:            6.1
lip 26, 2015 11:13:35 AM org.apache.catalina.startup.VersionLoggerListener log
INFO: Architecture:          amd64
lip 26, 2015 11:13:35 AM org.apache.catalina.startup.VersionLoggerListener log
INFO: Java Home:             C:\Program Files\Java\jdk1.8.0\jre
lip 26, 2015 11:13:35 AM org.apache.catalina.startup.VersionLoggerListener log
INFO: JVM Version:           1.8.0-b132
lip 26, 2015 11:13:35 AM org.apache.catalina.startup.VersionLoggerListener log
INFO: JVM Vendor:            Oracle Corporation
lip 26, 2015 11:13:35 AM org.apache.catalina.startup.VersionLoggerListener log
INFO: CATALINA_BASE:         C:\Users\Mateusz\tomcat\apache-tomcat-7.0.63
lip 26, 2015 11:13:35 AM org.apache.catalina.startup.VersionLoggerListener log
INFO: CATALINA_HOME:         C:\Users\Mateusz\tomcat\apache-tomcat-7.0.63
lip 26, 2015 11:13:35 AM org.apache.catalina.startup.VersionLoggerListener log
INFO: Command line argument: -Djava.util.logging.config.file=C:\Users\Mateusz\tomcat\apache-tomcat-7.0.63\conf\logging.properties
lip 26, 2015 11:13:35 AM org.apache.catalina.startup.VersionLoggerListener log
INFO: Command line argument: -Djava.util.logging.manager=org.apache.juli.ClassLoaderLogManager
lip 26, 2015 11:13:35 AM org.apache.catalina.startup.VersionLoggerListener log
INFO: Command line argument: -Djava.endorsed.dirs=C:\Users\Mateusz\tomcat\apache-tomcat-7.0.63\endorsed
lip 26, 2015 11:13:35 AM org.apache.catalina.startup.VersionLoggerListener log
INFO: Command line argument: -Dcatalina.base=C:\Users\Mateusz\tomcat\apache-tomcat-7.0.63
lip 26, 2015 11:13:35 AM org.apache.catalina.startup.VersionLoggerListener log
INFO: Command line argument: -Dcatalina.home=C:\Users\Mateusz\tomcat\apache-tomcat-7.0.63
lip 26, 2015 11:13:35 AM org.apache.catalina.startup.VersionLoggerListener log
INFO: Command line argument: -Djava.io.tmpdir=C:\Users\Mateusz\tomcat\apache-tomcat-7.0.63\temp
lip 26, 2015 11:13:35 AM org.apache.catalina.core.AprLifecycleListener lifecycleEvent
INFO: The APR based Apache Tomcat Native library which allows optimal performance in production environments was not found on the java.library.path: C:\Program Files\Java\jdk1.8.0\bin;C:\Windows\Sun\Java\bin;C:\Windows\system32;C:\Windows;C:\ProgramData\Oracle\Java\javapath;C:\Program Files (x86)\Intel\iCLS Client\;C:\Program Files\Intel\iCLS Client\;C:\Windows\system32;C:\Windows;C:\Windows\System32\Wbem;C:\Windows\System32\WindowsPowerShell\v1.0\;C:\Program Files\Intel\Intel(R) Management Engine Components\DAL;C:\Program Files\Intel\Intel(R) Management Engine Components\IPT;C:\Program Files (x86)\Intel\Intel(R) Management Engine Components\DAL;C:\Program Files (x86)\Intel\Intel(R) Management Engine Components\IPT;C:\Program Files (x86)\Intel\OpenCL SDK\2.0\bin\x86;C:\Program Files (x86)\Intel\OpenCL SDK\2.0\bin\x64;C:\Program Files (x86)\Calibre2\;C:\Program Files (x86)\Git\cmd;C:\Program Files (x86)\Skype\Phone\;C:\Users\Mateusz\Maven\apache-maven-3.3.3\bin;C:\Program Files\Java\jdk1.8.0\bin;C:\Users\Mateusz\tomcat\apache-tomcat-7.0.63\bin;.
lip 26, 2015 11:13:35 AM org.apache.coyote.AbstractProtocol init
INFO: Initializing ProtocolHandler ["http-bio-8080"]
lip 26, 2015 11:13:35 AM org.apache.coyote.AbstractProtocol init
INFO: Initializing ProtocolHandler ["ajp-bio-8009"]
lip 26, 2015 11:13:35 AM org.apache.catalina.startup.Catalina load
INFO: Initialization processed in 488 ms
lip 26, 2015 11:13:35 AM org.apache.catalina.core.StandardService startInternal
INFO: Starting service Catalina
lip 26, 2015 11:13:35 AM org.apache.catalina.core.StandardEngine startInternal
INFO: Starting Servlet Engine: Apache Tomcat/7.0.63
lip 26, 2015 11:13:35 AM org.apache.catalina.startup.HostConfig deployDirectory
INFO: Deploying web application directory C:\Users\Mateusz\tomcat\apache-tomcat-7.0.63\webapps\docs
lip 26, 2015 11:13:35 AM org.apache.catalina.startup.HostConfig deployDirectory
INFO: Deployment of web application directory C:\Users\Mateusz\tomcat\apache-tomcat-7.0.63\webapps\docs has finished in 294 ms
lip 26, 2015 11:13:35 AM org.apache.catalina.startup.HostConfig deployDirectory
INFO: Deploying web application directory C:\Users\Mateusz\tomcat\apache-tomcat-7.0.63\webapps\examples
lip 26, 2015 11:13:36 AM org.apache.catalina.startup.HostConfig deployDirectory
INFO: Deployment of web application directory C:\Users\Mateusz\tomcat\apache-tomcat-7.0.63\webapps\examples has finished in 372 ms
lip 26, 2015 11:13:36 AM org.apache.catalina.startup.HostConfig deployDirectory
INFO: Deploying web application directory C:\Users\Mateusz\tomcat\apache-tomcat-7.0.63\webapps\host-manager
lip 26, 2015 11:13:36 AM org.apache.catalina.startup.HostConfig deployDirectory
INFO: Deployment of web application directory C:\Users\Mateusz\tomcat\apache-tomcat-7.0.63\webapps\host-manager has finished in 80 ms
lip 26, 2015 11:13:36 AM org.apache.catalina.startup.HostConfig deployDirectory
INFO: Deploying web application directory C:\Users\Mateusz\tomcat\apache-tomcat-7.0.63\webapps\manager
lip 26, 2015 11:13:36 AM org.apache.catalina.startup.HostConfig deployDirectory
INFO: Deployment of web application directory C:\Users\Mateusz\tomcat\apache-tomcat-7.0.63\webapps\manager has finished in 94 ms
lip 26, 2015 11:13:36 AM org.apache.catalina.startup.HostConfig deployDirectory
INFO: Deploying web application directory C:\Users\Mateusz\tomcat\apache-tomcat-7.0.63\webapps\ROOT
lip 26, 2015 11:13:36 AM org.apache.catalina.startup.HostConfig deployDirectory
INFO: Deployment of web application directory C:\Users\Mateusz\tomcat\apache-tomcat-7.0.63\webapps\ROOT has finished in 43 ms
lip 26, 2015 11:13:36 AM org.apache.coyote.AbstractProtocol start
INFO: Starting ProtocolHandler ["http-bio-8080"]
lip 26, 2015 11:13:36 AM org.apache.coyote.AbstractProtocol start
INFO: Starting ProtocolHandler ["ajp-bio-8009"]
lip 26, 2015 11:13:36 AM org.apache.catalina.startup.Catalina start
INFO: Server startup in 940 ms
lip 26, 2015 11:55:29 AM org.apache.catalina.core.StandardServer await
INFO: A valid shutdown command was received via the shutdown port. Stopping the Server instance.
lip 26, 2015 11:55:29 AM org.apache.coyote.AbstractProtocol pause
INFO: Pausing ProtocolHandler ["http-bio-8080"]
lip 26, 2015 11:55:29 AM org.apache.coyote.AbstractProtocol pause
INFO: Pausing ProtocolHandler ["ajp-bio-8009"]
lip 26, 2015 11:55:29 AM org.apache.catalina.core.StandardService stopInternal
INFO: Stopping service Catalina
lip 26, 2015 11:55:29 AM org.apache.coyote.AbstractProtocol stop
INFO: Stopping ProtocolHandler ["http-bio-8080"]
lip 26, 2015 11:55:29 AM org.apache.coyote.AbstractProtocol stop
INFO: Stopping ProtocolHandler ["ajp-bio-8009"]
lip 26, 2015 11:55:29 AM org.apache.coyote.AbstractProtocol destroy
INFO: Destroying ProtocolHandler ["http-bio-8080"]
lip 26, 2015 11:55:29 AM org.apache.coyote.AbstractProtocol destroy
INFO: Destroying ProtocolHandler ["ajp-bio-8009"]
lip 26, 2015 11:58:20 AM org.apache.catalina.startup.VersionLoggerListener log
INFO: Server version:        Apache Tomcat/7.0.63
lip 26, 2015 11:58:20 AM org.apache.catalina.startup.VersionLoggerListener log
INFO: Server built:          Jun 30 2015 08:08:33 UTC
lip 26, 2015 11:58:20 AM org.apache.catalina.startup.VersionLoggerListener log
INFO: Server number:         7.0.63.0
lip 26, 2015 11:58:20 AM org.apache.catalina.startup.VersionLoggerListener log
INFO: OS Name:               Windows 7
lip 26, 2015 11:58:20 AM org.apache.catalina.startup.VersionLoggerListener log
INFO: OS Version:            6.1
lip 26, 2015 11:58:20 AM org.apache.catalina.startup.VersionLoggerListener log
INFO: Architecture:          amd64
lip 26, 2015 11:58:20 AM org.apache.catalina.startup.VersionLoggerListener log
INFO: Java Home:             C:\Program Files\Java\jdk1.8.0\jre
lip 26, 2015 11:58:20 AM org.apache.catalina.startup.VersionLoggerListener log
INFO: JVM Version:           1.8.0-b132
lip 26, 2015 11:58:20 AM org.apache.catalina.startup.VersionLoggerListener log
INFO: JVM Vendor:            Oracle Corporation
lip 26, 2015 11:58:20 AM org.apache.catalina.startup.VersionLoggerListener log
INFO: CATALINA_BASE:         C:\Users\Mateusz\tomcat\apache-tomcat-7.0.63
lip 26, 2015 11:58:20 AM org.apache.catalina.startup.VersionLoggerListener log
INFO: CATALINA_HOME:         C:\Users\Mateusz\tomcat\apache-tomcat-7.0.63
lip 26, 2015 11:58:20 AM org.apache.catalina.startup.VersionLoggerListener log
INFO: Command line argument: -Djava.util.logging.config.file=C:\Users\Mateusz\tomcat\apache-tomcat-7.0.63\conf\logging.properties
lip 26, 2015 11:58:20 AM org.apache.catalina.startup.VersionLoggerListener log
INFO: Command line argument: -Djava.util.logging.manager=org.apache.juli.ClassLoaderLogManager
lip 26, 2015 11:58:20 AM org.apache.catalina.startup.VersionLoggerListener log
INFO: Command line argument: -Djava.endorsed.dirs=C:\Users\Mateusz\tomcat\apache-tomcat-7.0.63\endorsed
lip 26, 2015 11:58:20 AM org.apache.catalina.startup.VersionLoggerListener log
INFO: Command line argument: -Dcatalina.base=C:\Users\Mateusz\tomcat\apache-tomcat-7.0.63
lip 26, 2015 11:58:20 AM org.apache.catalina.startup.VersionLoggerListener log
INFO: Command line argument: -Dcatalina.home=C:\Users\Mateusz\tomcat\apache-tomcat-7.0.63
lip 26, 2015 11:58:20 AM org.apache.catalina.startup.VersionLoggerListener log
INFO: Command line argument: -Djava.io.tmpdir=C:\Users\Mateusz\tomcat\apache-tomcat-7.0.63\temp
lip 26, 2015 11:58:20 AM org.apache.catalina.core.AprLifecycleListener lifecycleEvent
INFO: The APR based Apache Tomcat Native library which allows optimal performance in production environments was not found on the java.library.path: C:\Program Files\Java\jdk1.8.0\bin;C:\Windows\Sun\Java\bin;C:\Windows\system32;C:\Windows;C:\ProgramData\Oracle\Java\javapath;C:\Program Files (x86)\Intel\iCLS Client\;C:\Program Files\Intel\iCLS Client\;C:\Windows\system32;C:\Windows;C:\Windows\System32\Wbem;C:\Windows\System32\WindowsPowerShell\v1.0\;C:\Program Files\Intel\Intel(R) Management Engine Components\DAL;C:\Program Files\Intel\Intel(R) Management Engine Components\IPT;C:\Program Files (x86)\Intel\Intel(R) Management Engine Components\DAL;C:\Program Files (x86)\Intel\Intel(R) Management Engine Components\IPT;C:\Program Files (x86)\Intel\OpenCL SDK\2.0\bin\x86;C:\Program Files (x86)\Intel\OpenCL SDK\2.0\bin\x64;C:\Program Files (x86)\Calibre2\;C:\Program Files (x86)\Git\cmd;C:\Program Files (x86)\Skype\Phone\;C:\Users\Mateusz\Maven\apache-maven-3.3.3\bin;C:\Program Files\Java\jdk1.8.0\bin;C:\Users\Mateusz\tomcat\apache-tomcat-7.0.63\bin;.
lip 26, 2015 11:58:20 AM org.apache.coyote.AbstractProtocol init
INFO: Initializing ProtocolHandler ["http-bio-8080"]
lip 26, 2015 11:58:20 AM org.apache.coyote.AbstractProtocol init
SEVERE: Failed to initialize end point associated with ProtocolHandler ["http-bio-8080"]
java.net.BindException: Address already in use: JVM_Bind <null>:8080
	at org.apache.tomcat.util.net.JIoEndpoint.bind(JIoEndpoint.java:413)
	at org.apache.tomcat.util.net.AbstractEndpoint.init(AbstractEndpoint.java:649)
	at org.apache.coyote.AbstractProtocol.init(AbstractProtocol.java:434)
	at org.apache.coyote.http11.AbstractHttp11JsseProtocol.init(AbstractHttp11JsseProtocol.java:119)
	at org.apache.catalina.connector.Connector.initInternal(Connector.java:978)
	at org.apache.catalina.util.LifecycleBase.init(LifecycleBase.java:102)
	at org.apache.catalina.core.StandardService.initInternal(StandardService.java:559)
	at org.apache.catalina.util.LifecycleBase.init(LifecycleBase.java:102)
	at org.apache.catalina.core.StandardServer.initInternal(StandardServer.java:821)
	at org.apache.catalina.util.LifecycleBase.init(LifecycleBase.java:102)
	at org.apache.catalina.startup.Catalina.load(Catalina.java:638)
	at org.apache.catalina.startup.Catalina.load(Catalina.java:663)
	at sun.reflect.NativeMethodAccessorImpl.invoke0(Native Method)
	at sun.reflect.NativeMethodAccessorImpl.invoke(NativeMethodAccessorImpl.java:62)
	at sun.reflect.DelegatingMethodAccessorImpl.invoke(DelegatingMethodAccessorImpl.java:43)
	at java.lang.reflect.Method.invoke(Method.java:483)
	at org.apache.catalina.startup.Bootstrap.load(Bootstrap.java:280)
	at org.apache.catalina.startup.Bootstrap.main(Bootstrap.java:454)
Caused by: java.net.BindException: Address already in use: JVM_Bind
	at java.net.DualStackPlainSocketImpl.bind0(Native Method)
	at java.net.DualStackPlainSocketImpl.socketBind(DualStackPlainSocketImpl.java:106)
	at java.net.AbstractPlainSocketImpl.bind(AbstractPlainSocketImpl.java:382)
	at java.net.PlainSocketImpl.bind(PlainSocketImpl.java:190)
	at java.net.ServerSocket.bind(ServerSocket.java:375)
	at java.net.ServerSocket.<init>(ServerSocket.java:237)
	at java.net.ServerSocket.<init>(ServerSocket.java:181)
	at org.apache.tomcat.util.net.DefaultServerSocketFactory.createSocket(DefaultServerSocketFactory.java:49)
	at org.apache.tomcat.util.net.JIoEndpoint.bind(JIoEndpoint.java:400)
	... 17 more

lip 26, 2015 11:58:20 AM org.apache.catalina.core.StandardService initInternal
SEVERE: Failed to initialize connector [Connector[HTTP/1.1-8080]]
org.apache.catalina.LifecycleException: Failed to initialize component [Connector[HTTP/1.1-8080]]
	at org.apache.catalina.util.LifecycleBase.init(LifecycleBase.java:106)
	at org.apache.catalina.core.StandardService.initInternal(StandardService.java:559)
	at org.apache.catalina.util.LifecycleBase.init(LifecycleBase.java:102)
	at org.apache.catalina.core.StandardServer.initInternal(StandardServer.java:821)
	at org.apache.catalina.util.LifecycleBase.init(LifecycleBase.java:102)
	at org.apache.catalina.startup.Catalina.load(Catalina.java:638)
	at org.apache.catalina.startup.Catalina.load(Catalina.java:663)
	at sun.reflect.NativeMethodAccessorImpl.invoke0(Native Method)
	at sun.reflect.NativeMethodAccessorImpl.invoke(NativeMethodAccessorImpl.java:62)
	at sun.reflect.DelegatingMethodAccessorImpl.invoke(DelegatingMethodAccessorImpl.java:43)
	at java.lang.reflect.Method.invoke(Method.java:483)
	at org.apache.catalina.startup.Bootstrap.load(Bootstrap.java:280)
	at org.apache.catalina.startup.Bootstrap.main(Bootstrap.java:454)
Caused by: org.apache.catalina.LifecycleException: Protocol handler initialization failed
	at org.apache.catalina.connector.Connector.initInternal(Connector.java:980)
	at org.apache.catalina.util.LifecycleBase.init(LifecycleBase.java:102)
	... 12 more
Caused by: java.net.BindException: Address already in use: JVM_Bind <null>:8080
	at org.apache.tomcat.util.net.JIoEndpoint.bind(JIoEndpoint.java:413)
	at org.apache.tomcat.util.net.AbstractEndpoint.init(AbstractEndpoint.java:649)
	at org.apache.coyote.AbstractProtocol.init(AbstractProtocol.java:434)
	at org.apache.coyote.http11.AbstractHttp11JsseProtocol.init(AbstractHttp11JsseProtocol.java:119)
	at org.apache.catalina.connector.Connector.initInternal(Connector.java:978)
	... 13 more
Caused by: java.net.BindException: Address already in use: JVM_Bind
	at java.net.DualStackPlainSocketImpl.bind0(Native Method)
	at java.net.DualStackPlainSocketImpl.socketBind(DualStackPlainSocketImpl.java:106)
	at java.net.AbstractPlainSocketImpl.bind(AbstractPlainSocketImpl.java:382)
	at java.net.PlainSocketImpl.bind(PlainSocketImpl.java:190)
	at java.net.ServerSocket.bind(ServerSocket.java:375)
	at java.net.ServerSocket.<init>(ServerSocket.java:237)
	at java.net.ServerSocket.<init>(ServerSocket.java:181)
	at org.apache.tomcat.util.net.DefaultServerSocketFactory.createSocket(DefaultServerSocketFactory.java:49)
	at org.apache.tomcat.util.net.JIoEndpoint.bind(JIoEndpoint.java:400)
	... 17 more

lip 26, 2015 11:58:20 AM org.apache.coyote.AbstractProtocol init
INFO: Initializing ProtocolHandler ["ajp-bio-8009"]
lip 26, 2015 11:58:20 AM org.apache.catalina.startup.Catalina load
INFO: Initialization processed in 531 ms
lip 26, 2015 11:58:20 AM org.apache.catalina.core.StandardService startInternal
INFO: Starting service Catalina
lip 26, 2015 11:58:20 AM org.apache.catalina.core.StandardEngine startInternal
INFO: Starting Servlet Engine: Apache Tomcat/7.0.63
lip 26, 2015 11:58:20 AM org.apache.catalina.startup.HostConfig deployDirectory
INFO: Deploying web application directory C:\Users\Mateusz\tomcat\apache-tomcat-7.0.63\webapps\docs
lip 26, 2015 11:58:20 AM org.apache.catalina.startup.HostConfig deployDirectory
INFO: Deployment of web application directory C:\Users\Mateusz\tomcat\apache-tomcat-7.0.63\webapps\docs has finished in 296 ms
lip 26, 2015 11:58:20 AM org.apache.catalina.startup.HostConfig deployDirectory
INFO: Deploying web application directory C:\Users\Mateusz\tomcat\apache-tomcat-7.0.63\webapps\examples
lip 26, 2015 11:58:21 AM org.apache.catalina.startup.HostConfig deployDirectory
INFO: Deployment of web application directory C:\Users\Mateusz\tomcat\apache-tomcat-7.0.63\webapps\examples has finished in 366 ms
lip 26, 2015 11:58:21 AM org.apache.catalina.startup.HostConfig deployDirectory
INFO: Deploying web application directory C:\Users\Mateusz\tomcat\apache-tomcat-7.0.63\webapps\host-manager
lip 26, 2015 11:58:21 AM org.apache.catalina.startup.HostConfig deployDirectory
INFO: Deployment of web application directory C:\Users\Mateusz\tomcat\apache-tomcat-7.0.63\webapps\host-manager has finished in 73 ms
lip 26, 2015 11:58:21 AM org.apache.catalina.startup.HostConfig deployDirectory
INFO: Deploying web application directory C:\Users\Mateusz\tomcat\apache-tomcat-7.0.63\webapps\manager
lip 26, 2015 11:58:21 AM org.apache.catalina.startup.HostConfig deployDirectory
INFO: Deployment of web application directory C:\Users\Mateusz\tomcat\apache-tomcat-7.0.63\webapps\manager has finished in 84 ms
lip 26, 2015 11:58:21 AM org.apache.catalina.startup.HostConfig deployDirectory
INFO: Deploying web application directory C:\Users\Mateusz\tomcat\apache-tomcat-7.0.63\webapps\ROOT
lip 26, 2015 11:58:21 AM org.apache.catalina.startup.HostConfig deployDirectory
INFO: Deployment of web application directory C:\Users\Mateusz\tomcat\apache-tomcat-7.0.63\webapps\ROOT has finished in 47 ms
lip 26, 2015 11:58:21 AM org.apache.coyote.AbstractProtocol start
INFO: Starting ProtocolHandler ["ajp-bio-8009"]
lip 26, 2015 11:58:21 AM org.apache.catalina.startup.Catalina start
INFO: Server startup in 916 ms
lip 26, 2015 11:58:57 AM org.apache.catalina.startup.Catalina stopServer
SEVERE: Could not contact localhost:8005. Tomcat may not be running.
lip 26, 2015 11:58:57 AM org.apache.catalina.startup.Catalina stopServer
SEVERE: Catalina.stop: 
java.net.ConnectException: Connection refused: connect
	at java.net.DualStackPlainSocketImpl.connect0(Native Method)
	at java.net.DualStackPlainSocketImpl.socketConnect(DualStackPlainSocketImpl.java:79)
	at java.net.AbstractPlainSocketImpl.doConnect(AbstractPlainSocketImpl.java:345)
	at java.net.AbstractPlainSocketImpl.connectToAddress(AbstractPlainSocketImpl.java:206)
	at java.net.AbstractPlainSocketImpl.connect(AbstractPlainSocketImpl.java:188)
	at java.net.PlainSocketImpl.connect(PlainSocketImpl.java:172)
	at java.net.SocksSocketImpl.connect(SocksSocketImpl.java:392)
	at java.net.Socket.connect(Socket.java:589)
	at java.net.Socket.connect(Socket.java:538)
	at java.net.Socket.<init>(Socket.java:434)
	at java.net.Socket.<init>(Socket.java:211)
	at org.apache.catalina.startup.Catalina.stopServer(Catalina.java:498)
	at sun.reflect.NativeMethodAccessorImpl.invoke0(Native Method)
	at sun.reflect.NativeMethodAccessorImpl.invoke(NativeMethodAccessorImpl.java:62)
	at sun.reflect.DelegatingMethodAccessorImpl.invoke(DelegatingMethodAccessorImpl.java:43)
	at java.lang.reflect.Method.invoke(Method.java:483)
	at org.apache.catalina.startup.Bootstrap.stopServer(Bootstrap.java:370)
	at org.apache.catalina.startup.Bootstrap.main(Bootstrap.java:457)

lip 26, 2015 11:58:59 AM org.apache.catalina.startup.VersionLoggerListener log
INFO: Server version:        Apache Tomcat/7.0.63
lip 26, 2015 11:58:59 AM org.apache.catalina.startup.VersionLoggerListener log
INFO: Server built:          Jun 30 2015 08:08:33 UTC
lip 26, 2015 11:58:59 AM org.apache.catalina.startup.VersionLoggerListener log
INFO: Server number:         7.0.63.0
lip 26, 2015 11:58:59 AM org.apache.catalina.startup.VersionLoggerListener log
INFO: OS Name:               Windows 7
lip 26, 2015 11:58:59 AM org.apache.catalina.startup.VersionLoggerListener log
INFO: OS Version:            6.1
lip 26, 2015 11:58:59 AM org.apache.catalina.startup.VersionLoggerListener log
INFO: Architecture:          amd64
lip 26, 2015 11:58:59 AM org.apache.catalina.startup.VersionLoggerListener log
INFO: Java Home:             C:\Program Files\Java\jdk1.8.0\jre
lip 26, 2015 11:58:59 AM org.apache.catalina.startup.VersionLoggerListener log
INFO: JVM Version:           1.8.0-b132
lip 26, 2015 11:58:59 AM org.apache.catalina.startup.VersionLoggerListener log
INFO: JVM Vendor:            Oracle Corporation
lip 26, 2015 11:58:59 AM org.apache.catalina.startup.VersionLoggerListener log
INFO: CATALINA_BASE:         C:\Users\Mateusz\tomcat\apache-tomcat-7.0.63
lip 26, 2015 11:58:59 AM org.apache.catalina.startup.VersionLoggerListener log
INFO: CATALINA_HOME:         C:\Users\Mateusz\tomcat\apache-tomcat-7.0.63
lip 26, 2015 11:58:59 AM org.apache.catalina.startup.VersionLoggerListener log
INFO: Command line argument: -Djava.util.logging.config.file=C:\Users\Mateusz\tomcat\apache-tomcat-7.0.63\conf\logging.properties
lip 26, 2015 11:58:59 AM org.apache.catalina.startup.VersionLoggerListener log
INFO: Command line argument: -Djava.util.logging.manager=org.apache.juli.ClassLoaderLogManager
lip 26, 2015 11:58:59 AM org.apache.catalina.startup.VersionLoggerListener log
INFO: Command line argument: -Djava.endorsed.dirs=C:\Users\Mateusz\tomcat\apache-tomcat-7.0.63\endorsed
lip 26, 2015 11:58:59 AM org.apache.catalina.startup.VersionLoggerListener log
INFO: Command line argument: -Dcatalina.base=C:\Users\Mateusz\tomcat\apache-tomcat-7.0.63
lip 26, 2015 11:58:59 AM org.apache.catalina.startup.VersionLoggerListener log
INFO: Command line argument: -Dcatalina.home=C:\Users\Mateusz\tomcat\apache-tomcat-7.0.63
lip 26, 2015 11:58:59 AM org.apache.catalina.startup.VersionLoggerListener log
INFO: Command line argument: -Djava.io.tmpdir=C:\Users\Mateusz\tomcat\apache-tomcat-7.0.63\temp
lip 26, 2015 11:58:59 AM org.apache.catalina.core.AprLifecycleListener lifecycleEvent
INFO: The APR based Apache Tomcat Native library which allows optimal performance in production environments was not found on the java.library.path: C:\Program Files\Java\jdk1.8.0\bin;C:\Windows\Sun\Java\bin;C:\Windows\system32;C:\Windows;C:\ProgramData\Oracle\Java\javapath;C:\Program Files (x86)\Intel\iCLS Client\;C:\Program Files\Intel\iCLS Client\;C:\Windows\system32;C:\Windows;C:\Windows\System32\Wbem;C:\Windows\System32\WindowsPowerShell\v1.0\;C:\Program Files\Intel\Intel(R) Management Engine Components\DAL;C:\Program Files\Intel\Intel(R) Management Engine Components\IPT;C:\Program Files (x86)\Intel\Intel(R) Management Engine Components\DAL;C:\Program Files (x86)\Intel\Intel(R) Management Engine Components\IPT;C:\Program Files (x86)\Intel\OpenCL SDK\2.0\bin\x86;C:\Program Files (x86)\Intel\OpenCL SDK\2.0\bin\x64;C:\Program Files (x86)\Calibre2\;C:\Program Files (x86)\Git\cmd;C:\Program Files (x86)\Skype\Phone\;C:\Users\Mateusz\Maven\apache-maven-3.3.3\bin;C:\Program Files\Java\jdk1.8.0\bin;C:\Users\Mateusz\tomcat\apache-tomcat-7.0.63\bin;.
lip 26, 2015 11:58:59 AM org.apache.coyote.AbstractProtocol init
INFO: Initializing ProtocolHandler ["http-bio-8080"]
lip 26, 2015 11:58:59 AM org.apache.coyote.AbstractProtocol init
INFO: Initializing ProtocolHandler ["ajp-bio-8009"]
lip 26, 2015 11:58:59 AM org.apache.catalina.startup.Catalina load
INFO: Initialization processed in 484 ms
lip 26, 2015 11:58:59 AM org.apache.catalina.core.StandardService startInternal
INFO: Starting service Catalina
lip 26, 2015 11:58:59 AM org.apache.catalina.core.StandardEngine startInternal
INFO: Starting Servlet Engine: Apache Tomcat/7.0.63
lip 26, 2015 11:58:59 AM org.apache.catalina.startup.HostConfig deployDirectory
INFO: Deploying web application directory C:\Users\Mateusz\tomcat\apache-tomcat-7.0.63\webapps\docs
lip 26, 2015 11:58:59 AM org.apache.catalina.startup.HostConfig deployDirectory
INFO: Deployment of web application directory C:\Users\Mateusz\tomcat\apache-tomcat-7.0.63\webapps\docs has finished in 287 ms
lip 26, 2015 11:58:59 AM org.apache.catalina.startup.HostConfig deployDirectory
INFO: Deploying web application directory C:\Users\Mateusz\tomcat\apache-tomcat-7.0.63\webapps\examples
lip 26, 2015 11:59:00 AM org.apache.catalina.startup.HostConfig deployDirectory
INFO: Deployment of web application directory C:\Users\Mateusz\tomcat\apache-tomcat-7.0.63\webapps\examples has finished in 345 ms
lip 26, 2015 11:59:00 AM org.apache.catalina.startup.HostConfig deployDirectory
INFO: Deploying web application directory C:\Users\Mateusz\tomcat\apache-tomcat-7.0.63\webapps\host-manager
lip 26, 2015 11:59:00 AM org.apache.catalina.startup.HostConfig deployDirectory
INFO: Deployment of web application directory C:\Users\Mateusz\tomcat\apache-tomcat-7.0.63\webapps\host-manager has finished in 75 ms
lip 26, 2015 11:59:00 AM org.apache.catalina.startup.HostConfig deployDirectory
INFO: Deploying web application directory C:\Users\Mateusz\tomcat\apache-tomcat-7.0.63\webapps\manager
lip 26, 2015 11:59:00 AM org.apache.catalina.startup.HostConfig deployDirectory
INFO: Deployment of web application directory C:\Users\Mateusz\tomcat\apache-tomcat-7.0.63\webapps\manager has finished in 84 ms
lip 26, 2015 11:59:00 AM org.apache.catalina.startup.HostConfig deployDirectory
INFO: Deploying web application directory C:\Users\Mateusz\tomcat\apache-tomcat-7.0.63\webapps\ROOT
lip 26, 2015 11:59:00 AM org.apache.catalina.startup.HostConfig deployDirectory
INFO: Deployment of web application directory C:\Users\Mateusz\tomcat\apache-tomcat-7.0.63\webapps\ROOT has finished in 55 ms
lip 26, 2015 11:59:00 AM org.apache.coyote.AbstractProtocol start
INFO: Starting ProtocolHandler ["http-bio-8080"]
lip 26, 2015 11:59:00 AM org.apache.coyote.AbstractProtocol start
INFO: Starting ProtocolHandler ["ajp-bio-8009"]
lip 26, 2015 11:59:00 AM org.apache.catalina.startup.Catalina start
INFO: Server startup in 904 ms
lip 26, 2015 12:06:17 PM org.apache.catalina.startup.HostConfig deployWAR
INFO: Deploying web application archive C:\Users\Mateusz\tomcat\apache-tomcat-7.0.63\webapps\webapp.war
lip 26, 2015 12:06:17 PM org.apache.catalina.loader.WebappClassLoader validateJarFile
INFO: validateJarFile(C:\Users\Mateusz\tomcat\apache-tomcat-7.0.63\webapps\webapp\WEB-INF\lib\tomcat-el-api-7.0.47.jar) - jar not loaded. See Servlet Spec 3.0, section 10.7.2. Offending class: javax/el/Expression.class
lip 26, 2015 12:06:17 PM org.apache.catalina.loader.WebappClassLoader validateJarFile
INFO: validateJarFile(C:\Users\Mateusz\tomcat\apache-tomcat-7.0.63\webapps\webapp\WEB-INF\lib\tomcat-embed-core-7.0.47.jar) - jar not loaded. See Servlet Spec 3.0, section 10.7.2. Offending class: javax/servlet/Servlet.class
lip 26, 2015 12:06:17 PM org.apache.catalina.loader.WebappClassLoader validateJarFile
INFO: validateJarFile(C:\Users\Mateusz\tomcat\apache-tomcat-7.0.63\webapps\webapp\WEB-INF\lib\tomcat-servlet-api-7.0.47.jar) - jar not loaded. See Servlet Spec 3.0, section 10.7.2. Offending class: javax/servlet/Servlet.class
lip 26, 2015 12:06:17 PM org.apache.tomcat.util.digester.Digester endElement
SEVERE: End event threw exception
java.lang.NoSuchMethodException: org.apache.catalina.deploy.WebXml addServlet
	at org.apache.tomcat.util.IntrospectionUtils.callMethod1(IntrospectionUtils.java:849)
	at org.apache.tomcat.util.digester.SetNextRule.end(SetNextRule.java:201)
	at org.apache.tomcat.util.digester.Digester.endElement(Digester.java:1060)
	at com.sun.org.apache.xerces.internal.parsers.AbstractSAXParser.endElement(AbstractSAXParser.java:609)
	at com.sun.org.apache.xerces.internal.impl.XMLDocumentFragmentScannerImpl.scanEndElement(XMLDocumentFragmentScannerImpl.java:1781)
	at com.sun.org.apache.xerces.internal.impl.XMLDocumentFragmentScannerImpl$FragmentContentDriver.next(XMLDocumentFragmentScannerImpl.java:2957)
	at com.sun.org.apache.xerces.internal.impl.XMLDocumentScannerImpl.next(XMLDocumentScannerImpl.java:606)
	at com.sun.org.apache.xerces.internal.impl.XMLDocumentFragmentScannerImpl.scanDocument(XMLDocumentFragmentScannerImpl.java:510)
	at com.sun.org.apache.xerces.internal.parsers.XML11Configuration.parse(XML11Configuration.java:848)
	at com.sun.org.apache.xerces.internal.parsers.XML11Configuration.parse(XML11Configuration.java:777)
	at com.sun.org.apache.xerces.internal.parsers.XMLParser.parse(XMLParser.java:141)
	at com.sun.org.apache.xerces.internal.parsers.AbstractSAXParser.parse(AbstractSAXParser.java:1213)
	at com.sun.org.apache.xerces.internal.jaxp.SAXParserImpl$JAXPSAXParser.parse(SAXParserImpl.java:649)
	at org.apache.tomcat.util.digester.Digester.parse(Digester.java:1555)
	at org.apache.catalina.startup.ContextConfig.parseWebXml(ContextConfig.java:1843)
	at org.apache.catalina.startup.ContextConfig.webConfig(ContextConfig.java:1263)
	at org.apache.catalina.startup.ContextConfig.configureStart(ContextConfig.java:889)
	at org.apache.catalina.startup.ContextConfig.lifecycleEvent(ContextConfig.java:386)
	at org.apache.catalina.util.LifecycleSupport.fireLifecycleEvent(LifecycleSupport.java:117)
	at org.apache.catalina.util.LifecycleBase.fireLifecycleEvent(LifecycleBase.java:90)
	at org.apache.catalina.core.StandardContext.startInternal(StandardContext.java:5419)
	at org.apache.catalina.util.LifecycleBase.start(LifecycleBase.java:150)
	at org.apache.catalina.core.ContainerBase.addChildInternal(ContainerBase.java:901)
	at org.apache.catalina.core.ContainerBase.addChild(ContainerBase.java:877)
	at org.apache.catalina.core.StandardHost.addChild(StandardHost.java:652)
	at org.apache.catalina.startup.HostConfig.deployWAR(HostConfig.java:1095)
	at org.apache.catalina.startup.HostConfig.deployApps(HostConfig.java:558)
	at org.apache.catalina.startup.HostConfig.check(HostConfig.java:1717)
	at sun.reflect.NativeMethodAccessorImpl.invoke0(Native Method)
	at sun.reflect.NativeMethodAccessorImpl.invoke(NativeMethodAccessorImpl.java:62)
	at sun.reflect.DelegatingMethodAccessorImpl.invoke(DelegatingMethodAccessorImpl.java:43)
	at java.lang.reflect.Method.invoke(Method.java:483)
	at org.apache.tomcat.util.modeler.BaseModelMBean.invoke(BaseModelMBean.java:301)
	at com.sun.jmx.interceptor.DefaultMBeanServerInterceptor.invoke(DefaultMBeanServerInterceptor.java:819)
	at com.sun.jmx.mbeanserver.JmxMBeanServer.invoke(JmxMBeanServer.java:801)
	at org.apache.catalina.manager.ManagerServlet.check(ManagerServlet.java:1516)
	at org.apache.catalina.manager.ManagerServlet.deploy(ManagerServlet.java:739)
	at org.apache.catalina.manager.ManagerServlet.doPut(ManagerServlet.java:457)
	at javax.servlet.http.HttpServlet.service(HttpServlet.java:653)
	at javax.servlet.http.HttpServlet.service(HttpServlet.java:731)
	at org.apache.catalina.core.ApplicationFilterChain.internalDoFilter(ApplicationFilterChain.java:303)
	at org.apache.catalina.core.ApplicationFilterChain.doFilter(ApplicationFilterChain.java:208)
	at org.apache.tomcat.websocket.server.WsFilter.doFilter(WsFilter.java:52)
	at org.apache.catalina.core.ApplicationFilterChain.internalDoFilter(ApplicationFilterChain.java:241)
	at org.apache.catalina.core.ApplicationFilterChain.doFilter(ApplicationFilterChain.java:208)
	at org.apache.catalina.filters.SetCharacterEncodingFilter.doFilter(SetCharacterEncodingFilter.java:108)
	at org.apache.catalina.core.ApplicationFilterChain.internalDoFilter(ApplicationFilterChain.java:241)
	at org.apache.catalina.core.ApplicationFilterChain.doFilter(ApplicationFilterChain.java:208)
	at org.apache.catalina.core.StandardWrapperValve.invoke(StandardWrapperValve.java:220)
	at org.apache.catalina.core.StandardContextValve.invoke(StandardContextValve.java:122)
	at org.apache.catalina.authenticator.AuthenticatorBase.invoke(AuthenticatorBase.java:614)
	at org.apache.catalina.core.StandardHostValve.invoke(StandardHostValve.java:170)
	at org.apache.catalina.valves.ErrorReportValve.invoke(ErrorReportValve.java:103)
	at org.apache.catalina.valves.AccessLogValve.invoke(AccessLogValve.java:957)
	at org.apache.catalina.core.StandardEngineValve.invoke(StandardEngineValve.java:116)
	at org.apache.catalina.connector.CoyoteAdapter.service(CoyoteAdapter.java:423)
	at org.apache.coyote.http11.AbstractHttp11Processor.process(AbstractHttp11Processor.java:1079)
	at org.apache.coyote.AbstractProtocol$AbstractConnectionHandler.process(AbstractProtocol.java:620)
	at org.apache.tomcat.util.net.JIoEndpoint$SocketProcessor.run(JIoEndpoint.java:316)
	at java.util.concurrent.ThreadPoolExecutor.runWorker(ThreadPoolExecutor.java:1142)
	at java.util.concurrent.ThreadPoolExecutor$Worker.run(ThreadPoolExecutor.java:617)
	at org.apache.tomcat.util.threads.TaskThread$WrappingRunnable.run(TaskThread.java:61)
	at java.lang.Thread.run(Thread.java:744)

lip 26, 2015 12:06:17 PM org.apache.catalina.startup.ContextConfig parseWebXml
SEVERE: Parse error in application web.xml file at jndi:/localhost/webapp/WEB-INF/web.xml
org.xml.sax.SAXParseException; systemId: jndi:/localhost/webapp/WEB-INF/web.xml; lineNumber: 10; columnNumber: 15; Error at (10, 15) : org.apache.catalina.deploy.WebXml addServlet
	at org.apache.tomcat.util.digester.Digester.createSAXException(Digester.java:2705)
	at org.apache.tomcat.util.digester.Digester.createSAXException(Digester.java:2737)
	at org.apache.tomcat.util.digester.Digester.endElement(Digester.java:1063)
	at com.sun.org.apache.xerces.internal.parsers.AbstractSAXParser.endElement(AbstractSAXParser.java:609)
	at com.sun.org.apache.xerces.internal.impl.XMLDocumentFragmentScannerImpl.scanEndElement(XMLDocumentFragmentScannerImpl.java:1781)
	at com.sun.org.apache.xerces.internal.impl.XMLDocumentFragmentScannerImpl$FragmentContentDriver.next(XMLDocumentFragmentScannerImpl.java:2957)
	at com.sun.org.apache.xerces.internal.impl.XMLDocumentScannerImpl.next(XMLDocumentScannerImpl.java:606)
	at com.sun.org.apache.xerces.internal.impl.XMLDocumentFragmentScannerImpl.scanDocument(XMLDocumentFragmentScannerImpl.java:510)
	at com.sun.org.apache.xerces.internal.parsers.XML11Configuration.parse(XML11Configuration.java:848)
	at com.sun.org.apache.xerces.internal.parsers.XML11Configuration.parse(XML11Configuration.java:777)
	at com.sun.org.apache.xerces.internal.parsers.XMLParser.parse(XMLParser.java:141)
	at com.sun.org.apache.xerces.internal.parsers.AbstractSAXParser.parse(AbstractSAXParser.java:1213)
	at com.sun.org.apache.xerces.internal.jaxp.SAXParserImpl$JAXPSAXParser.parse(SAXParserImpl.java:649)
	at org.apache.tomcat.util.digester.Digester.parse(Digester.java:1555)
	at org.apache.catalina.startup.ContextConfig.parseWebXml(ContextConfig.java:1843)
	at org.apache.catalina.startup.ContextConfig.webConfig(ContextConfig.java:1263)
	at org.apache.catalina.startup.ContextConfig.configureStart(ContextConfig.java:889)
	at org.apache.catalina.startup.ContextConfig.lifecycleEvent(ContextConfig.java:386)
	at org.apache.catalina.util.LifecycleSupport.fireLifecycleEvent(LifecycleSupport.java:117)
	at org.apache.catalina.util.LifecycleBase.fireLifecycleEvent(LifecycleBase.java:90)
	at org.apache.catalina.core.StandardContext.startInternal(StandardContext.java:5419)
	at org.apache.catalina.util.LifecycleBase.start(LifecycleBase.java:150)
	at org.apache.catalina.core.ContainerBase.addChildInternal(ContainerBase.java:901)
	at org.apache.catalina.core.ContainerBase.addChild(ContainerBase.java:877)
	at org.apache.catalina.core.StandardHost.addChild(StandardHost.java:652)
	at org.apache.catalina.startup.HostConfig.deployWAR(HostConfig.java:1095)
	at org.apache.catalina.startup.HostConfig.deployApps(HostConfig.java:558)
	at org.apache.catalina.startup.HostConfig.check(HostConfig.java:1717)
	at sun.reflect.NativeMethodAccessorImpl.invoke0(Native Method)
	at sun.reflect.NativeMethodAccessorImpl.invoke(NativeMethodAccessorImpl.java:62)
	at sun.reflect.DelegatingMethodAccessorImpl.invoke(DelegatingMethodAccessorImpl.java:43)
	at java.lang.reflect.Method.invoke(Method.java:483)
	at org.apache.tomcat.util.modeler.BaseModelMBean.invoke(BaseModelMBean.java:301)
	at com.sun.jmx.interceptor.DefaultMBeanServerInterceptor.invoke(DefaultMBeanServerInterceptor.java:819)
	at com.sun.jmx.mbeanserver.JmxMBeanServer.invoke(JmxMBeanServer.java:801)
	at org.apache.catalina.manager.ManagerServlet.check(ManagerServlet.java:1516)
	at org.apache.catalina.manager.ManagerServlet.deploy(ManagerServlet.java:739)
	at org.apache.catalina.manager.ManagerServlet.doPut(ManagerServlet.java:457)
	at javax.servlet.http.HttpServlet.service(HttpServlet.java:653)
	at javax.servlet.http.HttpServlet.service(HttpServlet.java:731)
	at org.apache.catalina.core.ApplicationFilterChain.internalDoFilter(ApplicationFilterChain.java:303)
	at org.apache.catalina.core.ApplicationFilterChain.doFilter(ApplicationFilterChain.java:208)
	at org.apache.tomcat.websocket.server.WsFilter.doFilter(WsFilter.java:52)
	at org.apache.catalina.core.ApplicationFilterChain.internalDoFilter(ApplicationFilterChain.java:241)
	at org.apache.catalina.core.ApplicationFilterChain.doFilter(ApplicationFilterChain.java:208)
	at org.apache.catalina.filters.SetCharacterEncodingFilter.doFilter(SetCharacterEncodingFilter.java:108)
	at org.apache.catalina.core.ApplicationFilterChain.internalDoFilter(ApplicationFilterChain.java:241)
	at org.apache.catalina.core.ApplicationFilterChain.doFilter(ApplicationFilterChain.java:208)
	at org.apache.catalina.core.StandardWrapperValve.invoke(StandardWrapperValve.java:220)
	at org.apache.catalina.core.StandardContextValve.invoke(StandardContextValve.java:122)
	at org.apache.catalina.authenticator.AuthenticatorBase.invoke(AuthenticatorBase.java:614)
	at org.apache.catalina.core.StandardHostValve.invoke(StandardHostValve.java:170)
	at org.apache.catalina.valves.ErrorReportValve.invoke(ErrorReportValve.java:103)
	at org.apache.catalina.valves.AccessLogValve.invoke(AccessLogValve.java:957)
	at org.apache.catalina.core.StandardEngineValve.invoke(StandardEngineValve.java:116)
	at org.apache.catalina.connector.CoyoteAdapter.service(CoyoteAdapter.java:423)
	at org.apache.coyote.http11.AbstractHttp11Processor.process(AbstractHttp11Processor.java:1079)
	at org.apache.coyote.AbstractProtocol$AbstractConnectionHandler.process(AbstractProtocol.java:620)
	at org.apache.tomcat.util.net.JIoEndpoint$SocketProcessor.run(JIoEndpoint.java:316)
	at java.util.concurrent.ThreadPoolExecutor.runWorker(ThreadPoolExecutor.java:1142)
	at java.util.concurrent.ThreadPoolExecutor$Worker.run(ThreadPoolExecutor.java:617)
	at org.apache.tomcat.util.threads.TaskThread$WrappingRunnable.run(TaskThread.java:61)
	at java.lang.Thread.run(Thread.java:744)
Caused by: java.lang.NoSuchMethodException: org.apache.catalina.deploy.WebXml addServlet
	at org.apache.tomcat.util.IntrospectionUtils.callMethod1(IntrospectionUtils.java:849)
	at org.apache.tomcat.util.digester.SetNextRule.end(SetNextRule.java:201)
	at org.apache.tomcat.util.digester.Digester.endElement(Digester.java:1060)
	... 60 more

lip 26, 2015 12:06:17 PM org.apache.catalina.startup.ContextConfig parseWebXml
SEVERE: Occurred at line 10 column 15
lip 26, 2015 12:06:17 PM org.apache.catalina.deploy.WebXml setVersion
WARNING: Unknown version string [3.1]. Default version will be used.
lip 26, 2015 12:06:17 PM org.apache.catalina.startup.ContextConfig configureStart
SEVERE: Marking this application unavailable due to previous error(s)
lip 26, 2015 12:06:17 PM org.apache.catalina.startup.TldConfig execute
INFO: At least one JAR was scanned for TLDs yet contained no TLDs. Enable debug logging for this logger for a complete list of JARs that were scanned but no TLDs were found in them. Skipping unneeded JARs during scanning can improve startup time and JSP compilation time.
lip 26, 2015 12:06:17 PM org.apache.catalina.core.StandardContext startInternal
SEVERE: One or more components marked the context as not correctly configured
lip 26, 2015 12:06:17 PM org.apache.catalina.core.StandardContext startInternal
SEVERE: Context [/webapp] startup failed due to previous errors
lip 26, 2015 12:06:17 PM org.apache.catalina.startup.HostConfig deployWAR
INFO: Deployment of web application archive C:\Users\Mateusz\tomcat\apache-tomcat-7.0.63\webapps\webapp.war has finished in 725 ms
lip 26, 2015 12:09:05 PM org.apache.catalina.core.StandardServer await
INFO: A valid shutdown command was received via the shutdown port. Stopping the Server instance.
lip 26, 2015 12:09:05 PM org.apache.coyote.AbstractProtocol pause
INFO: Pausing ProtocolHandler ["http-bio-8080"]
lip 26, 2015 12:09:05 PM org.apache.coyote.AbstractProtocol pause
INFO: Pausing ProtocolHandler ["ajp-bio-8009"]
lip 26, 2015 12:09:05 PM org.apache.catalina.core.StandardService stopInternal
INFO: Stopping service Catalina
lip 26, 2015 12:09:05 PM org.apache.coyote.AbstractProtocol stop
INFO: Stopping ProtocolHandler ["http-bio-8080"]
lip 26, 2015 12:09:05 PM org.apache.coyote.AbstractProtocol stop
INFO: Stopping ProtocolHandler ["ajp-bio-8009"]
lip 26, 2015 12:09:05 PM org.apache.coyote.AbstractProtocol destroy
INFO: Destroying ProtocolHandler ["http-bio-8080"]
lip 26, 2015 12:09:05 PM org.apache.coyote.AbstractProtocol destroy
INFO: Destroying ProtocolHandler ["ajp-bio-8009"]
lip 26, 2015 12:09:11 PM org.apache.catalina.startup.VersionLoggerListener log
INFO: Server version:        Apache Tomcat/7.0.63
lip 26, 2015 12:09:11 PM org.apache.catalina.startup.VersionLoggerListener log
INFO: Server built:          Jun 30 2015 08:08:33 UTC
lip 26, 2015 12:09:11 PM org.apache.catalina.startup.VersionLoggerListener log
INFO: Server number:         7.0.63.0
lip 26, 2015 12:09:11 PM org.apache.catalina.startup.VersionLoggerListener log
INFO: OS Name:               Windows 7
lip 26, 2015 12:09:11 PM org.apache.catalina.startup.VersionLoggerListener log
INFO: OS Version:            6.1
lip 26, 2015 12:09:11 PM org.apache.catalina.startup.VersionLoggerListener log
INFO: Architecture:          amd64
lip 26, 2015 12:09:11 PM org.apache.catalina.startup.VersionLoggerListener log
INFO: Java Home:             C:\Program Files\Java\jdk1.8.0\jre
lip 26, 2015 12:09:11 PM org.apache.catalina.startup.VersionLoggerListener log
INFO: JVM Version:           1.8.0-b132
lip 26, 2015 12:09:11 PM org.apache.catalina.startup.VersionLoggerListener log
INFO: JVM Vendor:            Oracle Corporation
lip 26, 2015 12:09:11 PM org.apache.catalina.startup.VersionLoggerListener log
INFO: CATALINA_BASE:         C:\Users\Mateusz\tomcat\apache-tomcat-7.0.63
lip 26, 2015 12:09:11 PM org.apache.catalina.startup.VersionLoggerListener log
INFO: CATALINA_HOME:         C:\Users\Mateusz\tomcat\apache-tomcat-7.0.63
lip 26, 2015 12:09:11 PM org.apache.catalina.startup.VersionLoggerListener log
INFO: Command line argument: -Djava.util.logging.config.file=C:\Users\Mateusz\tomcat\apache-tomcat-7.0.63\conf\logging.properties
lip 26, 2015 12:09:11 PM org.apache.catalina.startup.VersionLoggerListener log
INFO: Command line argument: -Djava.util.logging.manager=org.apache.juli.ClassLoaderLogManager
lip 26, 2015 12:09:11 PM org.apache.catalina.startup.VersionLoggerListener log
INFO: Command line argument: -Djava.endorsed.dirs=C:\Users\Mateusz\tomcat\apache-tomcat-7.0.63\endorsed
lip 26, 2015 12:09:11 PM org.apache.catalina.startup.VersionLoggerListener log
INFO: Command line argument: -Dcatalina.base=C:\Users\Mateusz\tomcat\apache-tomcat-7.0.63
lip 26, 2015 12:09:11 PM org.apache.catalina.startup.VersionLoggerListener log
INFO: Command line argument: -Dcatalina.home=C:\Users\Mateusz\tomcat\apache-tomcat-7.0.63
lip 26, 2015 12:09:11 PM org.apache.catalina.startup.VersionLoggerListener log
INFO: Command line argument: -Djava.io.tmpdir=C:\Users\Mateusz\tomcat\apache-tomcat-7.0.63\temp
lip 26, 2015 12:09:11 PM org.apache.catalina.core.AprLifecycleListener lifecycleEvent
INFO: The APR based Apache Tomcat Native library which allows optimal performance in production environments was not found on the java.library.path: C:\Program Files\Java\jdk1.8.0\bin;C:\Windows\Sun\Java\bin;C:\Windows\system32;C:\Windows;C:\ProgramData\Oracle\Java\javapath;C:\Program Files (x86)\Intel\iCLS Client\;C:\Program Files\Intel\iCLS Client\;C:\Windows\system32;C:\Windows;C:\Windows\System32\Wbem;C:\Windows\System32\WindowsPowerShell\v1.0\;C:\Program Files\Intel\Intel(R) Management Engine Components\DAL;C:\Program Files\Intel\Intel(R) Management Engine Components\IPT;C:\Program Files (x86)\Intel\Intel(R) Management Engine Components\DAL;C:\Program Files (x86)\Intel\Intel(R) Management Engine Components\IPT;C:\Program Files (x86)\Intel\OpenCL SDK\2.0\bin\x86;C:\Program Files (x86)\Intel\OpenCL SDK\2.0\bin\x64;C:\Program Files (x86)\Calibre2\;C:\Program Files (x86)\Git\cmd;C:\Program Files (x86)\Skype\Phone\;C:\Users\Mateusz\Maven\apache-maven-3.3.3\bin;C:\Program Files\Java\jdk1.8.0\bin;C:\Users\Mateusz\tomcat\apache-tomcat-7.0.63\bin;.
lip 26, 2015 12:09:11 PM org.apache.coyote.AbstractProtocol init
INFO: Initializing ProtocolHandler ["http-bio-8080"]
lip 26, 2015 12:09:11 PM org.apache.coyote.AbstractProtocol init
INFO: Initializing ProtocolHandler ["ajp-bio-8009"]
lip 26, 2015 12:09:11 PM org.apache.catalina.startup.Catalina load
INFO: Initialization processed in 501 ms
lip 26, 2015 12:09:11 PM org.apache.catalina.core.StandardService startInternal
INFO: Starting service Catalina
lip 26, 2015 12:09:11 PM org.apache.catalina.core.StandardEngine startInternal
INFO: Starting Servlet Engine: Apache Tomcat/7.0.63
lip 26, 2015 12:09:11 PM org.apache.catalina.startup.HostConfig deployWAR
INFO: Deploying web application archive C:\Users\Mateusz\tomcat\apache-tomcat-7.0.63\webapps\webapp.war
lip 26, 2015 12:09:11 PM org.apache.catalina.loader.WebappClassLoader validateJarFile
INFO: validateJarFile(C:\Users\Mateusz\tomcat\apache-tomcat-7.0.63\webapps\webapp\WEB-INF\lib\tomcat-el-api-7.0.47.jar) - jar not loaded. See Servlet Spec 3.0, section 10.7.2. Offending class: javax/el/Expression.class
lip 26, 2015 12:09:11 PM org.apache.catalina.loader.WebappClassLoader validateJarFile
INFO: validateJarFile(C:\Users\Mateusz\tomcat\apache-tomcat-7.0.63\webapps\webapp\WEB-INF\lib\tomcat-embed-core-7.0.47.jar) - jar not loaded. See Servlet Spec 3.0, section 10.7.2. Offending class: javax/servlet/Servlet.class
lip 26, 2015 12:09:11 PM org.apache.catalina.loader.WebappClassLoader validateJarFile
INFO: validateJarFile(C:\Users\Mateusz\tomcat\apache-tomcat-7.0.63\webapps\webapp\WEB-INF\lib\tomcat-servlet-api-7.0.47.jar) - jar not loaded. See Servlet Spec 3.0, section 10.7.2. Offending class: javax/servlet/Servlet.class
lip 26, 2015 12:09:11 PM org.apache.tomcat.util.digester.Digester endElement
SEVERE: End event threw exception
java.lang.NoSuchMethodException: org.apache.catalina.deploy.WebXml addServlet
	at org.apache.tomcat.util.IntrospectionUtils.callMethod1(IntrospectionUtils.java:849)
	at org.apache.tomcat.util.digester.SetNextRule.end(SetNextRule.java:201)
	at org.apache.tomcat.util.digester.Digester.endElement(Digester.java:1060)
	at com.sun.org.apache.xerces.internal.parsers.AbstractSAXParser.endElement(AbstractSAXParser.java:609)
	at com.sun.org.apache.xerces.internal.impl.XMLDocumentFragmentScannerImpl.scanEndElement(XMLDocumentFragmentScannerImpl.java:1781)
	at com.sun.org.apache.xerces.internal.impl.XMLDocumentFragmentScannerImpl$FragmentContentDriver.next(XMLDocumentFragmentScannerImpl.java:2957)
	at com.sun.org.apache.xerces.internal.impl.XMLDocumentScannerImpl.next(XMLDocumentScannerImpl.java:606)
	at com.sun.org.apache.xerces.internal.impl.XMLDocumentFragmentScannerImpl.scanDocument(XMLDocumentFragmentScannerImpl.java:510)
	at com.sun.org.apache.xerces.internal.parsers.XML11Configuration.parse(XML11Configuration.java:848)
	at com.sun.org.apache.xerces.internal.parsers.XML11Configuration.parse(XML11Configuration.java:777)
	at com.sun.org.apache.xerces.internal.parsers.XMLParser.parse(XMLParser.java:141)
	at com.sun.org.apache.xerces.internal.parsers.AbstractSAXParser.parse(AbstractSAXParser.java:1213)
	at com.sun.org.apache.xerces.internal.jaxp.SAXParserImpl$JAXPSAXParser.parse(SAXParserImpl.java:649)
	at org.apache.tomcat.util.digester.Digester.parse(Digester.java:1555)
	at org.apache.catalina.startup.ContextConfig.parseWebXml(ContextConfig.java:1843)
	at org.apache.catalina.startup.ContextConfig.getDefaultWebXmlFragment(ContextConfig.java:1498)
	at org.apache.catalina.startup.ContextConfig.webConfig(ContextConfig.java:1257)
	at org.apache.catalina.startup.ContextConfig.configureStart(ContextConfig.java:889)
	at org.apache.catalina.startup.ContextConfig.lifecycleEvent(ContextConfig.java:386)
	at org.apache.catalina.util.LifecycleSupport.fireLifecycleEvent(LifecycleSupport.java:117)
	at org.apache.catalina.util.LifecycleBase.fireLifecycleEvent(LifecycleBase.java:90)
	at org.apache.catalina.core.StandardContext.startInternal(StandardContext.java:5419)
	at org.apache.catalina.util.LifecycleBase.start(LifecycleBase.java:150)
	at org.apache.catalina.core.ContainerBase.addChildInternal(ContainerBase.java:901)
	at org.apache.catalina.core.ContainerBase.addChild(ContainerBase.java:877)
	at org.apache.catalina.core.StandardHost.addChild(StandardHost.java:652)
	at org.apache.catalina.startup.HostConfig.deployWAR(HostConfig.java:1095)
	at org.apache.catalina.startup.HostConfig$DeployWar.run(HostConfig.java:1930)
	at java.util.concurrent.Executors$RunnableAdapter.call(Executors.java:511)
	at java.util.concurrent.FutureTask.run(FutureTask.java:266)
	at java.util.concurrent.ThreadPoolExecutor.runWorker(ThreadPoolExecutor.java:1142)
	at java.util.concurrent.ThreadPoolExecutor$Worker.run(ThreadPoolExecutor.java:617)
	at java.lang.Thread.run(Thread.java:744)

lip 26, 2015 12:09:11 PM org.apache.catalina.startup.ContextConfig parseWebXml
SEVERE: Parse error in application web.xml file at file:/C:/Users/Mateusz/tomcat/apache-tomcat-7.0.63/conf/web.xml
org.xml.sax.SAXParseException; systemId: file:/C:/Users/Mateusz/tomcat/apache-tomcat-7.0.63/conf/web.xml; lineNumber: 114; columnNumber: 15; Error at (114, 15) : org.apache.catalina.deploy.WebXml addServlet
	at org.apache.tomcat.util.digester.Digester.createSAXException(Digester.java:2705)
	at org.apache.tomcat.util.digester.Digester.createSAXException(Digester.java:2737)
	at org.apache.tomcat.util.digester.Digester.endElement(Digester.java:1063)
	at com.sun.org.apache.xerces.internal.parsers.AbstractSAXParser.endElement(AbstractSAXParser.java:609)
	at com.sun.org.apache.xerces.internal.impl.XMLDocumentFragmentScannerImpl.scanEndElement(XMLDocumentFragmentScannerImpl.java:1781)
	at com.sun.org.apache.xerces.internal.impl.XMLDocumentFragmentScannerImpl$FragmentContentDriver.next(XMLDocumentFragmentScannerImpl.java:2957)
	at com.sun.org.apache.xerces.internal.impl.XMLDocumentScannerImpl.next(XMLDocumentScannerImpl.java:606)
	at com.sun.org.apache.xerces.internal.impl.XMLDocumentFragmentScannerImpl.scanDocument(XMLDocumentFragmentScannerImpl.java:510)
	at com.sun.org.apache.xerces.internal.parsers.XML11Configuration.parse(XML11Configuration.java:848)
	at com.sun.org.apache.xerces.internal.parsers.XML11Configuration.parse(XML11Configuration.java:777)
	at com.sun.org.apache.xerces.internal.parsers.XMLParser.parse(XMLParser.java:141)
	at com.sun.org.apache.xerces.internal.parsers.AbstractSAXParser.parse(AbstractSAXParser.java:1213)
	at com.sun.org.apache.xerces.internal.jaxp.SAXParserImpl$JAXPSAXParser.parse(SAXParserImpl.java:649)
	at org.apache.tomcat.util.digester.Digester.parse(Digester.java:1555)
	at org.apache.catalina.startup.ContextConfig.parseWebXml(ContextConfig.java:1843)
	at org.apache.catalina.startup.ContextConfig.getDefaultWebXmlFragment(ContextConfig.java:1498)
	at org.apache.catalina.startup.ContextConfig.webConfig(ContextConfig.java:1257)
	at org.apache.catalina.startup.ContextConfig.configureStart(ContextConfig.java:889)
	at org.apache.catalina.startup.ContextConfig.lifecycleEvent(ContextConfig.java:386)
	at org.apache.catalina.util.LifecycleSupport.fireLifecycleEvent(LifecycleSupport.java:117)
	at org.apache.catalina.util.LifecycleBase.fireLifecycleEvent(LifecycleBase.java:90)
	at org.apache.catalina.core.StandardContext.startInternal(StandardContext.java:5419)
	at org.apache.catalina.util.LifecycleBase.start(LifecycleBase.java:150)
	at org.apache.catalina.core.ContainerBase.addChildInternal(ContainerBase.java:901)
	at org.apache.catalina.core.ContainerBase.addChild(ContainerBase.java:877)
	at org.apache.catalina.core.StandardHost.addChild(StandardHost.java:652)
	at org.apache.catalina.startup.HostConfig.deployWAR(HostConfig.java:1095)
	at org.apache.catalina.startup.HostConfig$DeployWar.run(HostConfig.java:1930)
	at java.util.concurrent.Executors$RunnableAdapter.call(Executors.java:511)
	at java.util.concurrent.FutureTask.run(FutureTask.java:266)
	at java.util.concurrent.ThreadPoolExecutor.runWorker(ThreadPoolExecutor.java:1142)
	at java.util.concurrent.ThreadPoolExecutor$Worker.run(ThreadPoolExecutor.java:617)
	at java.lang.Thread.run(Thread.java:744)
Caused by: java.lang.NoSuchMethodException: org.apache.catalina.deploy.WebXml addServlet
	at org.apache.tomcat.util.IntrospectionUtils.callMethod1(IntrospectionUtils.java:849)
	at org.apache.tomcat.util.digester.SetNextRule.end(SetNextRule.java:201)
	at org.apache.tomcat.util.digester.Digester.endElement(Digester.java:1060)
	... 30 more

lip 26, 2015 12:09:11 PM org.apache.catalina.startup.ContextConfig parseWebXml
SEVERE: Occurred at line 114 column 15
lip 26, 2015 12:09:11 PM org.apache.tomcat.util.digester.Digester endElement
SEVERE: End event threw exception
java.lang.NoSuchMethodException: org.apache.catalina.deploy.WebXml addServlet
	at org.apache.tomcat.util.IntrospectionUtils.callMethod1(IntrospectionUtils.java:849)
	at org.apache.tomcat.util.digester.SetNextRule.end(SetNextRule.java:201)
	at org.apache.tomcat.util.digester.Digester.endElement(Digester.java:1060)
	at com.sun.org.apache.xerces.internal.parsers.AbstractSAXParser.endElement(AbstractSAXParser.java:609)
	at com.sun.org.apache.xerces.internal.impl.XMLDocumentFragmentScannerImpl.scanEndElement(XMLDocumentFragmentScannerImpl.java:1781)
	at com.sun.org.apache.xerces.internal.impl.XMLDocumentFragmentScannerImpl$FragmentContentDriver.next(XMLDocumentFragmentScannerImpl.java:2957)
	at com.sun.org.apache.xerces.internal.impl.XMLDocumentScannerImpl.next(XMLDocumentScannerImpl.java:606)
	at com.sun.org.apache.xerces.internal.impl.XMLDocumentFragmentScannerImpl.scanDocument(XMLDocumentFragmentScannerImpl.java:510)
	at com.sun.org.apache.xerces.internal.parsers.XML11Configuration.parse(XML11Configuration.java:848)
	at com.sun.org.apache.xerces.internal.parsers.XML11Configuration.parse(XML11Configuration.java:777)
	at com.sun.org.apache.xerces.internal.parsers.XMLParser.parse(XMLParser.java:141)
	at com.sun.org.apache.xerces.internal.parsers.AbstractSAXParser.parse(AbstractSAXParser.java:1213)
	at com.sun.org.apache.xerces.internal.jaxp.SAXParserImpl$JAXPSAXParser.parse(SAXParserImpl.java:649)
	at org.apache.tomcat.util.digester.Digester.parse(Digester.java:1555)
	at org.apache.catalina.startup.ContextConfig.parseWebXml(ContextConfig.java:1843)
	at org.apache.catalina.startup.ContextConfig.webConfig(ContextConfig.java:1263)
	at org.apache.catalina.startup.ContextConfig.configureStart(ContextConfig.java:889)
	at org.apache.catalina.startup.ContextConfig.lifecycleEvent(ContextConfig.java:386)
	at org.apache.catalina.util.LifecycleSupport.fireLifecycleEvent(LifecycleSupport.java:117)
	at org.apache.catalina.util.LifecycleBase.fireLifecycleEvent(LifecycleBase.java:90)
	at org.apache.catalina.core.StandardContext.startInternal(StandardContext.java:5419)
	at org.apache.catalina.util.LifecycleBase.start(LifecycleBase.java:150)
	at org.apache.catalina.core.ContainerBase.addChildInternal(ContainerBase.java:901)
	at org.apache.catalina.core.ContainerBase.addChild(ContainerBase.java:877)
	at org.apache.catalina.core.StandardHost.addChild(StandardHost.java:652)
	at org.apache.catalina.startup.HostConfig.deployWAR(HostConfig.java:1095)
	at org.apache.catalina.startup.HostConfig$DeployWar.run(HostConfig.java:1930)
	at java.util.concurrent.Executors$RunnableAdapter.call(Executors.java:511)
	at java.util.concurrent.FutureTask.run(FutureTask.java:266)
	at java.util.concurrent.ThreadPoolExecutor.runWorker(ThreadPoolExecutor.java:1142)
	at java.util.concurrent.ThreadPoolExecutor$Worker.run(ThreadPoolExecutor.java:617)
	at java.lang.Thread.run(Thread.java:744)

lip 26, 2015 12:09:11 PM org.apache.catalina.startup.ContextConfig parseWebXml
SEVERE: Parse error in application web.xml file at jndi:/localhost/webapp/WEB-INF/web.xml
org.xml.sax.SAXParseException; systemId: jndi:/localhost/webapp/WEB-INF/web.xml; lineNumber: 10; columnNumber: 15; Error at (10, 15) : org.apache.catalina.deploy.WebXml addServlet
	at org.apache.tomcat.util.digester.Digester.createSAXException(Digester.java:2705)
	at org.apache.tomcat.util.digester.Digester.createSAXException(Digester.java:2737)
	at org.apache.tomcat.util.digester.Digester.endElement(Digester.java:1063)
	at com.sun.org.apache.xerces.internal.parsers.AbstractSAXParser.endElement(AbstractSAXParser.java:609)
	at com.sun.org.apache.xerces.internal.impl.XMLDocumentFragmentScannerImpl.scanEndElement(XMLDocumentFragmentScannerImpl.java:1781)
	at com.sun.org.apache.xerces.internal.impl.XMLDocumentFragmentScannerImpl$FragmentContentDriver.next(XMLDocumentFragmentScannerImpl.java:2957)
	at com.sun.org.apache.xerces.internal.impl.XMLDocumentScannerImpl.next(XMLDocumentScannerImpl.java:606)
	at com.sun.org.apache.xerces.internal.impl.XMLDocumentFragmentScannerImpl.scanDocument(XMLDocumentFragmentScannerImpl.java:510)
	at com.sun.org.apache.xerces.internal.parsers.XML11Configuration.parse(XML11Configuration.java:848)
	at com.sun.org.apache.xerces.internal.parsers.XML11Configuration.parse(XML11Configuration.java:777)
	at com.sun.org.apache.xerces.internal.parsers.XMLParser.parse(XMLParser.java:141)
	at com.sun.org.apache.xerces.internal.parsers.AbstractSAXParser.parse(AbstractSAXParser.java:1213)
	at com.sun.org.apache.xerces.internal.jaxp.SAXParserImpl$JAXPSAXParser.parse(SAXParserImpl.java:649)
	at org.apache.tomcat.util.digester.Digester.parse(Digester.java:1555)
	at org.apache.catalina.startup.ContextConfig.parseWebXml(ContextConfig.java:1843)
	at org.apache.catalina.startup.ContextConfig.webConfig(ContextConfig.java:1263)
	at org.apache.catalina.startup.ContextConfig.configureStart(ContextConfig.java:889)
	at org.apache.catalina.startup.ContextConfig.lifecycleEvent(ContextConfig.java:386)
	at org.apache.catalina.util.LifecycleSupport.fireLifecycleEvent(LifecycleSupport.java:117)
	at org.apache.catalina.util.LifecycleBase.fireLifecycleEvent(LifecycleBase.java:90)
	at org.apache.catalina.core.StandardContext.startInternal(StandardContext.java:5419)
	at org.apache.catalina.util.LifecycleBase.start(LifecycleBase.java:150)
	at org.apache.catalina.core.ContainerBase.addChildInternal(ContainerBase.java:901)
	at org.apache.catalina.core.ContainerBase.addChild(ContainerBase.java:877)
	at org.apache.catalina.core.StandardHost.addChild(StandardHost.java:652)
	at org.apache.catalina.startup.HostConfig.deployWAR(HostConfig.java:1095)
	at org.apache.catalina.startup.HostConfig$DeployWar.run(HostConfig.java:1930)
	at java.util.concurrent.Executors$RunnableAdapter.call(Executors.java:511)
	at java.util.concurrent.FutureTask.run(FutureTask.java:266)
	at java.util.concurrent.ThreadPoolExecutor.runWorker(ThreadPoolExecutor.java:1142)
	at java.util.concurrent.ThreadPoolExecutor$Worker.run(ThreadPoolExecutor.java:617)
	at java.lang.Thread.run(Thread.java:744)
Caused by: java.lang.NoSuchMethodException: org.apache.catalina.deploy.WebXml addServlet
	at org.apache.tomcat.util.IntrospectionUtils.callMethod1(IntrospectionUtils.java:849)
	at org.apache.tomcat.util.digester.SetNextRule.end(SetNextRule.java:201)
	at org.apache.tomcat.util.digester.Digester.endElement(Digester.java:1060)
	... 29 more

lip 26, 2015 12:09:11 PM org.apache.catalina.startup.ContextConfig parseWebXml
SEVERE: Occurred at line 10 column 15
lip 26, 2015 12:09:11 PM org.apache.catalina.deploy.WebXml setVersion
WARNING: Unknown version string [3.1]. Default version will be used.
lip 26, 2015 12:09:11 PM org.apache.catalina.startup.ContextConfig configureStart
SEVERE: Marking this application unavailable due to previous error(s)
lip 26, 2015 12:09:11 PM org.apache.catalina.startup.TldConfig execute
INFO: At least one JAR was scanned for TLDs yet contained no TLDs. Enable debug logging for this logger for a complete list of JARs that were scanned but no TLDs were found in them. Skipping unneeded JARs during scanning can improve startup time and JSP compilation time.
lip 26, 2015 12:09:11 PM org.apache.catalina.core.StandardContext startInternal
SEVERE: One or more components marked the context as not correctly configured
lip 26, 2015 12:09:11 PM org.apache.catalina.core.StandardContext startInternal
SEVERE: Context [/webapp] startup failed due to previous errors
lip 26, 2015 12:09:11 PM org.apache.catalina.startup.HostConfig deployWAR
INFO: Deployment of web application archive C:\Users\Mateusz\tomcat\apache-tomcat-7.0.63\webapps\webapp.war has finished in 424 ms
lip 26, 2015 12:09:12 PM org.apache.catalina.startup.HostConfig deployDirectory
INFO: Deploying web application directory C:\Users\Mateusz\tomcat\apache-tomcat-7.0.63\webapps\docs
lip 26, 2015 12:09:12 PM org.apache.catalina.startup.HostConfig deployDirectory
INFO: Deployment of web application directory C:\Users\Mateusz\tomcat\apache-tomcat-7.0.63\webapps\docs has finished in 97 ms
lip 26, 2015 12:09:12 PM org.apache.catalina.startup.HostConfig deployDirectory
INFO: Deploying web application directory C:\Users\Mateusz\tomcat\apache-tomcat-7.0.63\webapps\examples
lip 26, 2015 12:09:12 PM org.apache.catalina.startup.HostConfig deployDirectory
INFO: Deployment of web application directory C:\Users\Mateusz\tomcat\apache-tomcat-7.0.63\webapps\examples has finished in 347 ms
lip 26, 2015 12:09:12 PM org.apache.catalina.startup.HostConfig deployDirectory
INFO: Deploying web application directory C:\Users\Mateusz\tomcat\apache-tomcat-7.0.63\webapps\host-manager
lip 26, 2015 12:09:12 PM org.apache.catalina.startup.HostConfig deployDirectory
INFO: Deployment of web application directory C:\Users\Mateusz\tomcat\apache-tomcat-7.0.63\webapps\host-manager has finished in 65 ms
lip 26, 2015 12:09:12 PM org.apache.catalina.startup.HostConfig deployDirectory
INFO: Deploying web application directory C:\Users\Mateusz\tomcat\apache-tomcat-7.0.63\webapps\manager
lip 26, 2015 12:09:12 PM org.apache.catalina.startup.HostConfig deployDirectory
INFO: Deployment of web application directory C:\Users\Mateusz\tomcat\apache-tomcat-7.0.63\webapps\manager has finished in 62 ms
lip 26, 2015 12:09:12 PM org.apache.catalina.startup.HostConfig deployDirectory
INFO: Deploying web application directory C:\Users\Mateusz\tomcat\apache-tomcat-7.0.63\webapps\ROOT
lip 26, 2015 12:09:12 PM org.apache.catalina.startup.HostConfig deployDirectory
INFO: Deployment of web application directory C:\Users\Mateusz\tomcat\apache-tomcat-7.0.63\webapps\ROOT has finished in 38 ms
lip 26, 2015 12:09:12 PM org.apache.coyote.AbstractProtocol start
INFO: Starting ProtocolHandler ["http-bio-8080"]
lip 26, 2015 12:09:12 PM org.apache.coyote.AbstractProtocol start
INFO: Starting ProtocolHandler ["ajp-bio-8009"]
lip 26, 2015 12:09:12 PM org.apache.catalina.startup.Catalina start
INFO: Server startup in 1101 ms
lip 26, 2015 12:09:21 PM org.apache.catalina.util.LifecycleBase stop
INFO: The stop() method was called on component [StandardEngine[Catalina].StandardHost[localhost].StandardContext[/webapp]] after stop() had already been called. The second call will be ignored.
lip 26, 2015 12:09:22 PM org.apache.catalina.startup.HostConfig undeploy
INFO: Undeploying context [/webapp]
lip 26, 2015 12:10:02 PM org.apache.catalina.startup.HostConfig deployWAR
INFO: Deploying web application archive C:\Users\Mateusz\tomcat\apache-tomcat-7.0.63\webapps\webapp.war
lip 26, 2015 12:10:02 PM org.apache.catalina.startup.HostConfig deployWAR
INFO: Deployment of web application archive C:\Users\Mateusz\tomcat\apache-tomcat-7.0.63\webapps\webapp.war has finished in 101 ms
lip 26, 2015 12:15:42 PM org.apache.catalina.startup.HostConfig undeploy
INFO: Undeploying context [/webapp]
lip 26, 2015 12:15:42 PM org.apache.catalina.startup.HostConfig deployWAR
INFO: Deploying web application archive C:\Users\Mateusz\tomcat\apache-tomcat-7.0.63\webapps\webapp.war
lip 26, 2015 12:15:42 PM org.apache.catalina.core.ContainerBase addChildInternal
SEVERE: ContainerBase.addChild: start: 
org.apache.catalina.LifecycleException: Failed to start component [StandardEngine[Catalina].StandardHost[localhost].StandardContext[/webapp]]
	at org.apache.catalina.util.LifecycleBase.start(LifecycleBase.java:154)
	at org.apache.catalina.core.ContainerBase.addChildInternal(ContainerBase.java:901)
	at org.apache.catalina.core.ContainerBase.addChild(ContainerBase.java:877)
	at org.apache.catalina.core.StandardHost.addChild(StandardHost.java:652)
	at org.apache.catalina.startup.HostConfig.deployWAR(HostConfig.java:1095)
	at org.apache.catalina.startup.HostConfig$DeployWar.run(HostConfig.java:1930)
	at java.util.concurrent.Executors$RunnableAdapter.call(Executors.java:511)
	at java.util.concurrent.FutureTask.run(FutureTask.java:266)
	at java.util.concurrent.ThreadPoolExecutor.runWorker(ThreadPoolExecutor.java:1142)
	at java.util.concurrent.ThreadPoolExecutor$Worker.run(ThreadPoolExecutor.java:617)
	at java.lang.Thread.run(Thread.java:744)
Caused by: java.lang.IllegalArgumentException: Invalid <url-pattern> home in servlet mapping
	at org.apache.catalina.core.StandardContext.addServletMapping(StandardContext.java:3325)
	at org.apache.catalina.core.StandardContext.addServletMapping(StandardContext.java:3300)
	at org.apache.catalina.deploy.WebXml.configureContext(WebXml.java:1438)
	at org.apache.catalina.startup.ContextConfig.webConfig(ContextConfig.java:1357)
	at org.apache.catalina.startup.ContextConfig.configureStart(ContextConfig.java:889)
	at org.apache.catalina.startup.ContextConfig.lifecycleEvent(ContextConfig.java:386)
	at org.apache.catalina.util.LifecycleSupport.fireLifecycleEvent(LifecycleSupport.java:117)
	at org.apache.catalina.util.LifecycleBase.fireLifecycleEvent(LifecycleBase.java:90)
	at org.apache.catalina.core.StandardContext.startInternal(StandardContext.java:5419)
	at org.apache.catalina.util.LifecycleBase.start(LifecycleBase.java:150)
	... 10 more

lip 26, 2015 12:15:42 PM org.apache.catalina.startup.HostConfig deployWAR
SEVERE: Error deploying web application archive C:\Users\Mateusz\tomcat\apache-tomcat-7.0.63\webapps\webapp.war
java.lang.IllegalStateException: ContainerBase.addChild: start: org.apache.catalina.LifecycleException: Failed to start component [StandardEngine[Catalina].StandardHost[localhost].StandardContext[/webapp]]
	at org.apache.catalina.core.ContainerBase.addChildInternal(ContainerBase.java:905)
	at org.apache.catalina.core.ContainerBase.addChild(ContainerBase.java:877)
	at org.apache.catalina.core.StandardHost.addChild(StandardHost.java:652)
	at org.apache.catalina.startup.HostConfig.deployWAR(HostConfig.java:1095)
	at org.apache.catalina.startup.HostConfig$DeployWar.run(HostConfig.java:1930)
	at java.util.concurrent.Executors$RunnableAdapter.call(Executors.java:511)
	at java.util.concurrent.FutureTask.run(FutureTask.java:266)
	at java.util.concurrent.ThreadPoolExecutor.runWorker(ThreadPoolExecutor.java:1142)
	at java.util.concurrent.ThreadPoolExecutor$Worker.run(ThreadPoolExecutor.java:617)
	at java.lang.Thread.run(Thread.java:744)

lip 26, 2015 12:15:42 PM org.apache.catalina.startup.HostConfig deployWAR
INFO: Deployment of web application archive C:\Users\Mateusz\tomcat\apache-tomcat-7.0.63\webapps\webapp.war has finished in 68 ms
lip 26, 2015 12:16:52 PM org.apache.catalina.startup.HostConfig undeploy
INFO: Undeploying context [/webapp]
lip 26, 2015 12:16:52 PM org.apache.catalina.startup.HostConfig deployWAR
INFO: Deploying web application archive C:\Users\Mateusz\tomcat\apache-tomcat-7.0.63\webapps\webapp.war
lip 26, 2015 12:16:53 PM org.apache.catalina.startup.HostConfig deployWAR
INFO: Deployment of web application archive C:\Users\Mateusz\tomcat\apache-tomcat-7.0.63\webapps\webapp.war has finished in 76 ms
lip 26, 2015 12:17:21 PM org.apache.catalina.core.StandardServer await
INFO: A valid shutdown command was received via the shutdown port. Stopping the Server instance.
lip 26, 2015 12:17:21 PM org.apache.coyote.AbstractProtocol pause
INFO: Pausing ProtocolHandler ["http-bio-8080"]
lip 26, 2015 12:17:21 PM org.apache.coyote.AbstractProtocol pause
INFO: Pausing ProtocolHandler ["ajp-bio-8009"]
lip 26, 2015 12:17:21 PM org.apache.catalina.core.StandardService stopInternal
INFO: Stopping service Catalina
lip 26, 2015 12:17:21 PM org.apache.coyote.AbstractProtocol stop
INFO: Stopping ProtocolHandler ["http-bio-8080"]
lip 26, 2015 12:17:21 PM org.apache.coyote.AbstractProtocol stop
INFO: Stopping ProtocolHandler ["ajp-bio-8009"]
lip 26, 2015 12:17:21 PM org.apache.coyote.AbstractProtocol destroy
INFO: Destroying ProtocolHandler ["http-bio-8080"]
lip 26, 2015 12:17:21 PM org.apache.coyote.AbstractProtocol destroy
INFO: Destroying ProtocolHandler ["ajp-bio-8009"]
