lip 26, 2015 11:13:36 AM org.apache.catalina.core.ApplicationContext log
INFO: ContextListener: contextInitialized()
lip 26, 2015 11:13:36 AM org.apache.catalina.core.ApplicationContext log
INFO: SessionListener: contextInitialized()
lip 26, 2015 11:13:36 AM org.apache.catalina.core.ApplicationContext log
INFO: ContextListener: attributeAdded('org.apache.jasper.compiler.TldLocationsCache', 'org.apache.jasper.compiler.TldLocationsCache@4babdf4')
lip 26, 2015 11:55:29 AM org.apache.catalina.core.ApplicationContext log
INFO: SessionListener: contextDestroyed()
lip 26, 2015 11:55:29 AM org.apache.catalina.core.ApplicationContext log
INFO: ContextListener: contextDestroyed()
lip 26, 2015 11:58:21 AM org.apache.catalina.core.ApplicationContext log
INFO: ContextListener: contextInitialized()
lip 26, 2015 11:58:21 AM org.apache.catalina.core.ApplicationContext log
INFO: SessionListener: contextInitialized()
lip 26, 2015 11:58:21 AM org.apache.catalina.core.ApplicationContext log
INFO: ContextListener: attributeAdded('org.apache.jasper.compiler.TldLocationsCache', 'org.apache.jasper.compiler.TldLocationsCache@39c454cc')
lip 26, 2015 11:59:00 AM org.apache.catalina.core.ApplicationContext log
INFO: ContextListener: contextInitialized()
lip 26, 2015 11:59:00 AM org.apache.catalina.core.ApplicationContext log
INFO: SessionListener: contextInitialized()
lip 26, 2015 11:59:00 AM org.apache.catalina.core.ApplicationContext log
INFO: ContextListener: attributeAdded('org.apache.jasper.compiler.TldLocationsCache', 'org.apache.jasper.compiler.TldLocationsCache@69eee50f')
lip 26, 2015 12:09:05 PM org.apache.catalina.core.ApplicationContext log
INFO: SessionListener: contextDestroyed()
lip 26, 2015 12:09:05 PM org.apache.catalina.core.ApplicationContext log
INFO: ContextListener: contextDestroyed()
lip 26, 2015 12:09:12 PM org.apache.catalina.core.ApplicationContext log
INFO: ContextListener: contextInitialized()
lip 26, 2015 12:09:12 PM org.apache.catalina.core.ApplicationContext log
INFO: SessionListener: contextInitialized()
lip 26, 2015 12:10:28 PM org.apache.catalina.core.StandardHostValve custom
SEVERE: Exception Processing ErrorPage[errorCode=401, location=/WEB-INF/jsp/401.jsp]
java.lang.NullPointerException
	at org.apache.catalina.core.StandardHostValve.custom(StandardHostValve.java:476)
	at org.apache.catalina.core.StandardHostValve.status(StandardHostValve.java:345)
	at org.apache.catalina.core.StandardHostValve.invoke(StandardHostValve.java:210)
	at org.apache.catalina.valves.ErrorReportValve.invoke(ErrorReportValve.java:103)
	at org.apache.catalina.valves.AccessLogValve.invoke(AccessLogValve.java:957)
	at org.apache.catalina.core.StandardEngineValve.invoke(StandardEngineValve.java:116)
	at org.apache.catalina.connector.CoyoteAdapter.service(CoyoteAdapter.java:423)
	at org.apache.coyote.http11.AbstractHttp11Processor.process(AbstractHttp11Processor.java:1079)
	at org.apache.coyote.AbstractProtocol$AbstractConnectionHandler.process(AbstractProtocol.java:620)
	at org.apache.tomcat.util.net.JIoEndpoint$SocketProcessor.run(JIoEndpoint.java:316)
	at java.util.concurrent.ThreadPoolExecutor.runWorker(ThreadPoolExecutor.java:1142)
	at java.util.concurrent.ThreadPoolExecutor$Worker.run(ThreadPoolExecutor.java:617)
	at org.apache.tomcat.util.threads.TaskThread$WrappingRunnable.run(TaskThread.java:61)
	at java.lang.Thread.run(Thread.java:744)

lip 26, 2015 12:10:34 PM org.apache.catalina.core.StandardHostValve custom
SEVERE: Exception Processing ErrorPage[errorCode=404, location=/WEB-INF/jsp/404.jsp]
java.lang.NullPointerException
	at org.apache.catalina.core.StandardHostValve.custom(StandardHostValve.java:476)
	at org.apache.catalina.core.StandardHostValve.status(StandardHostValve.java:345)
	at org.apache.catalina.core.StandardHostValve.invoke(StandardHostValve.java:210)
	at org.apache.catalina.valves.ErrorReportValve.invoke(ErrorReportValve.java:103)
	at org.apache.catalina.valves.AccessLogValve.invoke(AccessLogValve.java:957)
	at org.apache.catalina.core.StandardEngineValve.invoke(StandardEngineValve.java:116)
	at org.apache.catalina.connector.CoyoteAdapter.service(CoyoteAdapter.java:423)
	at org.apache.coyote.http11.AbstractHttp11Processor.process(AbstractHttp11Processor.java:1079)
	at org.apache.coyote.AbstractProtocol$AbstractConnectionHandler.process(AbstractProtocol.java:620)
	at org.apache.tomcat.util.net.JIoEndpoint$SocketProcessor.run(JIoEndpoint.java:316)
	at java.util.concurrent.ThreadPoolExecutor.runWorker(ThreadPoolExecutor.java:1142)
	at java.util.concurrent.ThreadPoolExecutor$Worker.run(ThreadPoolExecutor.java:617)
	at org.apache.tomcat.util.threads.TaskThread$WrappingRunnable.run(TaskThread.java:61)
	at java.lang.Thread.run(Thread.java:744)

lip 26, 2015 12:10:34 PM org.apache.catalina.core.StandardHostValve custom
SEVERE: Exception Processing ErrorPage[errorCode=404, location=/WEB-INF/jsp/404.jsp]
java.lang.NullPointerException
	at org.apache.catalina.core.StandardHostValve.custom(StandardHostValve.java:476)
	at org.apache.catalina.core.StandardHostValve.status(StandardHostValve.java:345)
	at org.apache.catalina.core.StandardHostValve.invoke(StandardHostValve.java:210)
	at org.apache.catalina.valves.ErrorReportValve.invoke(ErrorReportValve.java:103)
	at org.apache.catalina.valves.AccessLogValve.invoke(AccessLogValve.java:957)
	at org.apache.catalina.core.StandardEngineValve.invoke(StandardEngineValve.java:116)
	at org.apache.catalina.connector.CoyoteAdapter.service(CoyoteAdapter.java:423)
	at org.apache.coyote.http11.AbstractHttp11Processor.process(AbstractHttp11Processor.java:1079)
	at org.apache.coyote.AbstractProtocol$AbstractConnectionHandler.process(AbstractProtocol.java:620)
	at org.apache.tomcat.util.net.JIoEndpoint$SocketProcessor.run(JIoEndpoint.java:316)
	at java.util.concurrent.ThreadPoolExecutor.runWorker(ThreadPoolExecutor.java:1142)
	at java.util.concurrent.ThreadPoolExecutor$Worker.run(ThreadPoolExecutor.java:617)
	at org.apache.tomcat.util.threads.TaskThread$WrappingRunnable.run(TaskThread.java:61)
	at java.lang.Thread.run(Thread.java:744)

lip 26, 2015 12:12:35 PM org.apache.catalina.core.StandardHostValve custom
SEVERE: Exception Processing ErrorPage[errorCode=404, location=/WEB-INF/jsp/404.jsp]
java.lang.NullPointerException
	at org.apache.catalina.core.StandardHostValve.custom(StandardHostValve.java:476)
	at org.apache.catalina.core.StandardHostValve.status(StandardHostValve.java:345)
	at org.apache.catalina.core.StandardHostValve.invoke(StandardHostValve.java:210)
	at org.apache.catalina.valves.ErrorReportValve.invoke(ErrorReportValve.java:103)
	at org.apache.catalina.valves.AccessLogValve.invoke(AccessLogValve.java:957)
	at org.apache.catalina.core.StandardEngineValve.invoke(StandardEngineValve.java:116)
	at org.apache.catalina.connector.CoyoteAdapter.service(CoyoteAdapter.java:423)
	at org.apache.coyote.http11.AbstractHttp11Processor.process(AbstractHttp11Processor.java:1079)
	at org.apache.coyote.AbstractProtocol$AbstractConnectionHandler.process(AbstractProtocol.java:620)
	at org.apache.tomcat.util.net.JIoEndpoint$SocketProcessor.run(JIoEndpoint.java:316)
	at java.util.concurrent.ThreadPoolExecutor.runWorker(ThreadPoolExecutor.java:1142)
	at java.util.concurrent.ThreadPoolExecutor$Worker.run(ThreadPoolExecutor.java:617)
	at org.apache.tomcat.util.threads.TaskThread$WrappingRunnable.run(TaskThread.java:61)
	at java.lang.Thread.run(Thread.java:744)

lip 26, 2015 12:12:35 PM org.apache.catalina.core.StandardHostValve custom
SEVERE: Exception Processing ErrorPage[errorCode=404, location=/WEB-INF/jsp/404.jsp]
java.lang.NullPointerException
	at org.apache.catalina.core.StandardHostValve.custom(StandardHostValve.java:476)
	at org.apache.catalina.core.StandardHostValve.status(StandardHostValve.java:345)
	at org.apache.catalina.core.StandardHostValve.invoke(StandardHostValve.java:210)
	at org.apache.catalina.valves.ErrorReportValve.invoke(ErrorReportValve.java:103)
	at org.apache.catalina.valves.AccessLogValve.invoke(AccessLogValve.java:957)
	at org.apache.catalina.core.StandardEngineValve.invoke(StandardEngineValve.java:116)
	at org.apache.catalina.connector.CoyoteAdapter.service(CoyoteAdapter.java:423)
	at org.apache.coyote.http11.AbstractHttp11Processor.process(AbstractHttp11Processor.java:1079)
	at org.apache.coyote.AbstractProtocol$AbstractConnectionHandler.process(AbstractProtocol.java:620)
	at org.apache.tomcat.util.net.JIoEndpoint$SocketProcessor.run(JIoEndpoint.java:316)
	at java.util.concurrent.ThreadPoolExecutor.runWorker(ThreadPoolExecutor.java:1142)
	at java.util.concurrent.ThreadPoolExecutor$Worker.run(ThreadPoolExecutor.java:617)
	at org.apache.tomcat.util.threads.TaskThread$WrappingRunnable.run(TaskThread.java:61)
	at java.lang.Thread.run(Thread.java:744)

lip 26, 2015 12:17:21 PM org.apache.catalina.core.ApplicationContext log
INFO: SessionListener: contextDestroyed()
lip 26, 2015 12:17:21 PM org.apache.catalina.core.ApplicationContext log
INFO: ContextListener: contextDestroyed()
