lip 25, 2015 11:48:37 AM org.apache.catalina.core.ApplicationContext log
INFO: ContextListener: contextInitialized()
lip 25, 2015 11:48:37 AM org.apache.catalina.core.ApplicationContext log
INFO: SessionListener: contextInitialized()
lip 25, 2015 11:48:37 AM org.apache.catalina.core.ApplicationContext log
INFO: ContextListener: attributeAdded('org.apache.jasper.compiler.TldLocationsCache', 'org.apache.jasper.compiler.TldLocationsCache@69eee50f')
lip 25, 2015 11:57:18 AM org.apache.catalina.core.ApplicationContext log
INFO: SessionListener: contextDestroyed()
lip 25, 2015 11:57:18 AM org.apache.catalina.core.ApplicationContext log
INFO: ContextListener: contextDestroyed()
lip 25, 2015 11:57:24 AM org.apache.catalina.core.ApplicationContext log
INFO: ContextListener: contextInitialized()
lip 25, 2015 11:57:24 AM org.apache.catalina.core.ApplicationContext log
INFO: SessionListener: contextInitialized()
lip 25, 2015 11:57:24 AM org.apache.catalina.core.ApplicationContext log
INFO: ContextListener: attributeAdded('org.apache.jasper.compiler.TldLocationsCache', 'org.apache.jasper.compiler.TldLocationsCache@7ee53bfa')
lip 25, 2015 11:58:58 AM org.apache.catalina.core.ApplicationContext log
INFO: SessionListener: contextDestroyed()
lip 25, 2015 11:58:58 AM org.apache.catalina.core.ApplicationContext log
INFO: ContextListener: contextDestroyed()
lip 25, 2015 11:59:01 AM org.apache.catalina.core.ApplicationContext log
INFO: ContextListener: contextInitialized()
lip 25, 2015 11:59:01 AM org.apache.catalina.core.ApplicationContext log
INFO: SessionListener: contextInitialized()
lip 25, 2015 11:59:01 AM org.apache.catalina.core.ApplicationContext log
INFO: ContextListener: attributeAdded('org.apache.jasper.compiler.TldLocationsCache', 'org.apache.jasper.compiler.TldLocationsCache@10b537d3')
lip 25, 2015 12:00:30 PM org.apache.catalina.core.ApplicationContext log
INFO: SessionListener: contextDestroyed()
lip 25, 2015 12:00:30 PM org.apache.catalina.core.ApplicationContext log
INFO: ContextListener: contextDestroyed()
lip 25, 2015 12:00:34 PM org.apache.catalina.core.ApplicationContext log
INFO: ContextListener: contextInitialized()
lip 25, 2015 12:00:34 PM org.apache.catalina.core.ApplicationContext log
INFO: SessionListener: contextInitialized()
lip 25, 2015 12:00:34 PM org.apache.catalina.core.ApplicationContext log
INFO: ContextListener: attributeAdded('org.apache.jasper.compiler.TldLocationsCache', 'org.apache.jasper.compiler.TldLocationsCache@42729c30')
lip 25, 2015 12:02:08 PM org.apache.catalina.core.ApplicationContext log
INFO: SessionListener: contextDestroyed()
lip 25, 2015 12:02:08 PM org.apache.catalina.core.ApplicationContext log
INFO: ContextListener: contextDestroyed()
lip 25, 2015 12:02:12 PM org.apache.catalina.core.ApplicationContext log
INFO: ContextListener: contextInitialized()
lip 25, 2015 12:02:12 PM org.apache.catalina.core.ApplicationContext log
INFO: SessionListener: contextInitialized()
lip 25, 2015 12:02:12 PM org.apache.catalina.core.ApplicationContext log
INFO: ContextListener: attributeAdded('org.apache.jasper.compiler.TldLocationsCache', 'org.apache.jasper.compiler.TldLocationsCache@c018d2c')
lip 25, 2015 12:23:41 PM org.apache.catalina.core.ApplicationContext log
INFO: SessionListener: contextDestroyed()
lip 25, 2015 12:23:41 PM org.apache.catalina.core.ApplicationContext log
INFO: ContextListener: contextDestroyed()
