lip 31, 2015 10:46:31 PM org.apache.catalina.core.ApplicationContext log
INFO: Manager: init: Associated with Deployer 'Catalina:type=Deployer,host=localhost'
lip 31, 2015 10:46:31 PM org.apache.catalina.core.ApplicationContext log
INFO: Manager: init: Global resources are available
lip 31, 2015 10:46:31 PM org.apache.catalina.core.ApplicationContext log
INFO: Manager: deploy: Deploying web application '/webapp'
lip 31, 2015 10:47:06 PM org.apache.catalina.core.ApplicationContext log
INFO: Manager: deploy: Deploying web application '/webapp'
lip 31, 2015 10:47:06 PM org.apache.catalina.core.ApplicationContext log
INFO: Manager: Uploading WAR file to C:\Users\Mateusz\tomcat\apache-tomcat-7.0.63\webapps\webapp.war.tmp
lip 31, 2015 10:49:35 PM org.apache.catalina.core.ApplicationContext log
INFO: Manager: deploy: Deploying web application '/webapp'
lip 31, 2015 10:49:35 PM org.apache.catalina.core.ApplicationContext log
INFO: Manager: Uploading WAR file to C:\Users\Mateusz\tomcat\apache-tomcat-7.0.63\webapps\webapp.war.tmp
lip 31, 2015 10:50:26 PM org.apache.catalina.core.ApplicationContext log
INFO: Manager: init: Associated with Deployer 'Catalina:type=Deployer,host=localhost'
lip 31, 2015 10:50:26 PM org.apache.catalina.core.ApplicationContext log
INFO: Manager: init: Global resources are available
lip 31, 2015 10:50:26 PM org.apache.catalina.core.ApplicationContext log
INFO: Manager: deploy: Deploying web application '/webapp'
lip 31, 2015 10:50:26 PM org.apache.catalina.core.ApplicationContext log
INFO: Manager: Uploading WAR file to C:\Users\Mateusz\tomcat\apache-tomcat-7.0.63\webapps\webapp.war.tmp
lip 31, 2015 10:56:14 PM org.apache.catalina.core.ApplicationContext log
INFO: Manager: deploy: Deploying web application '/webapp'
lip 31, 2015 10:56:14 PM org.apache.catalina.core.ApplicationContext log
INFO: Manager: Uploading WAR file to C:\Users\Mateusz\tomcat\apache-tomcat-7.0.63\webapps\webapp.war.tmp
lip 31, 2015 11:03:30 PM org.apache.catalina.core.ApplicationContext log
INFO: Manager: deploy: Deploying web application '/webapp'
lip 31, 2015 11:03:30 PM org.apache.catalina.core.ApplicationContext log
INFO: Manager: Uploading WAR file to C:\Users\Mateusz\tomcat\apache-tomcat-7.0.63\webapps\webapp.war.tmp
lip 31, 2015 11:04:18 PM org.apache.catalina.core.ApplicationContext log
INFO: Manager: deploy: Deploying web application '/webapp'
lip 31, 2015 11:04:18 PM org.apache.catalina.core.ApplicationContext log
INFO: Manager: Uploading WAR file to C:\Users\Mateusz\tomcat\apache-tomcat-7.0.63\webapps\webapp.war.tmp
lip 31, 2015 11:05:28 PM org.apache.catalina.core.ApplicationContext log
INFO: Manager: deploy: Deploying web application '/webapp'
lip 31, 2015 11:05:28 PM org.apache.catalina.core.ApplicationContext log
INFO: Manager: Uploading WAR file to C:\Users\Mateusz\tomcat\apache-tomcat-7.0.63\webapps\webapp.war.tmp
lip 31, 2015 11:06:14 PM org.apache.catalina.core.ApplicationContext log
INFO: Manager: deploy: Deploying web application '/webapp'
lip 31, 2015 11:06:14 PM org.apache.catalina.core.ApplicationContext log
INFO: Manager: Uploading WAR file to C:\Users\Mateusz\tomcat\apache-tomcat-7.0.63\webapps\webapp.war.tmp
lip 31, 2015 11:07:54 PM org.apache.catalina.core.ApplicationContext log
INFO: Manager: init: Associated with Deployer 'Catalina:type=Deployer,host=localhost'
lip 31, 2015 11:07:54 PM org.apache.catalina.core.ApplicationContext log
INFO: Manager: init: Global resources are available
lip 31, 2015 11:07:54 PM org.apache.catalina.core.ApplicationContext log
INFO: Manager: deploy: Deploying web application '/webapp'
lip 31, 2015 11:07:54 PM org.apache.catalina.core.ApplicationContext log
INFO: Manager: Uploading WAR file to C:\Users\Mateusz\tomcat\apache-tomcat-7.0.63\webapps\webapp.war.tmp
lip 31, 2015 11:08:42 PM org.apache.catalina.core.ApplicationContext log
INFO: Manager: deploy: Deploying web application '/webapp'
lip 31, 2015 11:08:42 PM org.apache.catalina.core.ApplicationContext log
INFO: Manager: Uploading WAR file to C:\Users\Mateusz\tomcat\apache-tomcat-7.0.63\webapps\webapp.war.tmp
lip 31, 2015 11:25:16 PM org.apache.catalina.core.ApplicationContext log
INFO: Manager: init: Associated with Deployer 'Catalina:type=Deployer,host=localhost'
lip 31, 2015 11:25:16 PM org.apache.catalina.core.ApplicationContext log
INFO: Manager: init: Global resources are available
lip 31, 2015 11:25:16 PM org.apache.catalina.core.ApplicationContext log
INFO: Manager: deploy: Deploying web application '/webapp'
lip 31, 2015 11:25:16 PM org.apache.catalina.core.ApplicationContext log
INFO: Manager: Uploading WAR file to C:\Users\Mateusz\tomcat\apache-tomcat-7.0.63\webapps\webapp.war.tmp
lip 31, 2015 11:28:17 PM org.apache.catalina.core.ApplicationContext log
INFO: Manager: deploy: Deploying web application '/webapp'
lip 31, 2015 11:28:17 PM org.apache.catalina.core.ApplicationContext log
INFO: Manager: Uploading WAR file to C:\Users\Mateusz\tomcat\apache-tomcat-7.0.63\webapps\webapp.war.tmp
lip 31, 2015 11:29:26 PM org.apache.catalina.core.ApplicationContext log
INFO: Manager: deploy: Deploying web application '/webapp'
lip 31, 2015 11:29:26 PM org.apache.catalina.core.ApplicationContext log
INFO: Manager: Uploading WAR file to C:\Users\Mateusz\tomcat\apache-tomcat-7.0.63\webapps\webapp.war.tmp
lip 31, 2015 11:31:00 PM org.apache.catalina.core.ApplicationContext log
INFO: Manager: init: Associated with Deployer 'Catalina:type=Deployer,host=localhost'
lip 31, 2015 11:31:00 PM org.apache.catalina.core.ApplicationContext log
INFO: Manager: init: Global resources are available
lip 31, 2015 11:31:00 PM org.apache.catalina.core.ApplicationContext log
INFO: Manager: deploy: Deploying web application '/webapp'
lip 31, 2015 11:31:00 PM org.apache.catalina.core.ApplicationContext log
INFO: Manager: Uploading WAR file to C:\Users\Mateusz\tomcat\apache-tomcat-7.0.63\webapps\webapp.war.tmp
lip 31, 2015 11:47:04 PM org.apache.catalina.core.ApplicationContext log
INFO: HTMLManager: init: Associated with Deployer 'Catalina:type=Deployer,host=localhost'
lip 31, 2015 11:47:04 PM org.apache.catalina.core.ApplicationContext log
INFO: HTMLManager: init: Global resources are available
lip 31, 2015 11:47:04 PM org.apache.catalina.core.ApplicationContext log
INFO: HTMLManager: list: Listing contexts for virtual host 'localhost'
lip 31, 2015 11:47:44 PM org.apache.catalina.core.ApplicationContext log
INFO: HTMLManager: list: Listing contexts for virtual host 'localhost'
