sie 01, 2015 12:19:34 AM org.apache.catalina.core.ApplicationContext log
INFO: Manager: init: Associated with Deployer 'Catalina:type=Deployer,host=localhost'
sie 01, 2015 12:19:34 AM org.apache.catalina.core.ApplicationContext log
INFO: Manager: init: Global resources are available
sie 01, 2015 12:19:34 AM org.apache.catalina.core.ApplicationContext log
INFO: Manager: deploy: Deploying web application '/webapp'
sie 01, 2015 12:23:49 AM org.apache.catalina.core.ApplicationContext log
INFO: HTMLManager: init: Associated with Deployer 'Catalina:type=Deployer,host=localhost'
sie 01, 2015 12:23:49 AM org.apache.catalina.core.ApplicationContext log
INFO: HTMLManager: init: Global resources are available
sie 01, 2015 12:23:49 AM org.apache.catalina.core.ApplicationContext log
INFO: HTMLManager: list: Listing contexts for virtual host 'localhost'
sie 01, 2015 12:24:56 AM org.apache.catalina.core.ApplicationContext log
INFO: HTMLManager: list: Listing contexts for virtual host 'localhost'
sie 01, 2015 12:32:16 AM org.apache.catalina.core.ApplicationContext log
INFO: Manager: init: Associated with Deployer 'Catalina:type=Deployer,host=localhost'
sie 01, 2015 12:32:16 AM org.apache.catalina.core.ApplicationContext log
INFO: Manager: init: Global resources are available
sie 01, 2015 12:32:16 AM org.apache.catalina.core.ApplicationContext log
INFO: Manager: undeploy: Undeploying web application at '/webapp'
sie 01, 2015 12:39:49 AM org.apache.catalina.core.ApplicationContext log
INFO: Manager: init: Associated with Deployer 'Catalina:type=Deployer,host=localhost'
sie 01, 2015 12:39:49 AM org.apache.catalina.core.ApplicationContext log
INFO: Manager: init: Global resources are available
sie 01, 2015 12:39:49 AM org.apache.catalina.core.ApplicationContext log
INFO: Manager: deploy: Deploying web application '/webapp'
sie 01, 2015 12:39:49 AM org.apache.catalina.core.ApplicationContext log
INFO: Manager: Uploading WAR file to C:\Users\Mateusz\tomcat\apache-tomcat-7.0.63\webapps\webapp.war
sie 01, 2015 3:58:18 PM org.apache.catalina.core.ApplicationContext log
INFO: Manager: init: Associated with Deployer 'Catalina:type=Deployer,host=localhost'
sie 01, 2015 3:58:18 PM org.apache.catalina.core.ApplicationContext log
INFO: Manager: init: Global resources are available
sie 01, 2015 3:58:18 PM org.apache.catalina.core.ApplicationContext log
INFO: Manager: deploy: Deploying web application '/webapp'
sie 01, 2015 3:58:18 PM org.apache.catalina.core.ApplicationContext log
INFO: Manager: Uploading WAR file to C:\Users\Mateusz\tomcat\apache-tomcat-7.0.63\webapps\webapp.war.tmp
sie 01, 2015 5:21:09 PM org.apache.catalina.core.ApplicationContext log
INFO: Manager: deploy: Deploying web application '/webapp'
sie 01, 2015 5:21:09 PM org.apache.catalina.core.ApplicationContext log
INFO: Manager: Uploading WAR file to C:\Users\Mateusz\tomcat\apache-tomcat-7.0.63\webapps\webapp.war.tmp
sie 01, 2015 6:01:13 PM org.apache.catalina.core.ApplicationContext log
INFO: Manager: init: Associated with Deployer 'Catalina:type=Deployer,host=localhost'
sie 01, 2015 6:01:13 PM org.apache.catalina.core.ApplicationContext log
INFO: Manager: init: Global resources are available
sie 01, 2015 6:01:13 PM org.apache.catalina.core.ApplicationContext log
INFO: Manager: deploy: Deploying web application '/webapp'
sie 01, 2015 6:01:13 PM org.apache.catalina.core.ApplicationContext log
INFO: Manager: Uploading WAR file to C:\Users\Mateusz\tomcat\apache-tomcat-7.0.63\webapps\webapp.war.tmp
sie 01, 2015 6:03:52 PM org.apache.catalina.core.ApplicationContext log
INFO: Manager: deploy: Deploying web application '/webapp'
sie 01, 2015 6:03:52 PM org.apache.catalina.core.ApplicationContext log
INFO: Manager: Uploading WAR file to C:\Users\Mateusz\tomcat\apache-tomcat-7.0.63\webapps\webapp.war.tmp
sie 01, 2015 6:05:46 PM org.apache.catalina.core.ApplicationContext log
INFO: Manager: deploy: Deploying web application '/webapp'
sie 01, 2015 6:05:46 PM org.apache.catalina.core.ApplicationContext log
INFO: Manager: Uploading WAR file to C:\Users\Mateusz\tomcat\apache-tomcat-7.0.63\webapps\webapp.war.tmp
sie 01, 2015 6:16:38 PM org.apache.catalina.core.ApplicationContext log
INFO: Manager: deploy: Deploying web application '/webapp'
sie 01, 2015 6:16:38 PM org.apache.catalina.core.ApplicationContext log
INFO: Manager: Uploading WAR file to C:\Users\Mateusz\tomcat\apache-tomcat-7.0.63\webapps\webapp.war.tmp
sie 01, 2015 6:37:12 PM org.apache.catalina.core.ApplicationContext log
INFO: Manager: deploy: Deploying web application '/webapp'
sie 01, 2015 6:37:12 PM org.apache.catalina.core.ApplicationContext log
INFO: Manager: Uploading WAR file to C:\Users\Mateusz\tomcat\apache-tomcat-7.0.63\webapps\webapp.war.tmp
sie 01, 2015 6:50:14 PM org.apache.catalina.core.ApplicationContext log
INFO: Manager: deploy: Deploying web application '/webapp'
sie 01, 2015 6:50:14 PM org.apache.catalina.core.ApplicationContext log
INFO: Manager: Uploading WAR file to C:\Users\Mateusz\tomcat\apache-tomcat-7.0.63\webapps\webapp.war.tmp
sie 01, 2015 6:57:15 PM org.apache.catalina.core.ApplicationContext log
INFO: Manager: deploy: Deploying web application '/webapp'
sie 01, 2015 6:57:15 PM org.apache.catalina.core.ApplicationContext log
INFO: Manager: Uploading WAR file to C:\Users\Mateusz\tomcat\apache-tomcat-7.0.63\webapps\webapp.war.tmp
sie 01, 2015 6:58:26 PM org.apache.catalina.core.ApplicationContext log
INFO: Manager: deploy: Deploying web application '/webapp'
sie 01, 2015 6:58:26 PM org.apache.catalina.core.ApplicationContext log
INFO: Manager: Uploading WAR file to C:\Users\Mateusz\tomcat\apache-tomcat-7.0.63\webapps\webapp.war.tmp
