lip 26, 2015 12:06:16 PM org.apache.catalina.core.ApplicationContext log
INFO: Manager: init: Associated with Deployer 'Catalina:type=Deployer,host=localhost'
lip 26, 2015 12:06:16 PM org.apache.catalina.core.ApplicationContext log
INFO: Manager: init: Global resources are available
lip 26, 2015 12:06:16 PM org.apache.catalina.core.ApplicationContext log
INFO: Manager: deploy: Deploying web application '/webapp'
lip 26, 2015 12:06:16 PM org.apache.catalina.core.ApplicationContext log
INFO: Manager: Uploading WAR file to C:\Users\Mateusz\tomcat\apache-tomcat-7.0.63\webapps\webapp.war
lip 26, 2015 12:09:21 PM org.apache.catalina.core.ApplicationContext log
INFO: Manager: init: Associated with Deployer 'Catalina:type=Deployer,host=localhost'
lip 26, 2015 12:09:21 PM org.apache.catalina.core.ApplicationContext log
INFO: Manager: init: Global resources are available
lip 26, 2015 12:09:21 PM org.apache.catalina.core.ApplicationContext log
INFO: Manager: undeploy: Undeploying web application at '/webapp'
lip 26, 2015 12:10:02 PM org.apache.catalina.core.ApplicationContext log
INFO: Manager: deploy: Deploying web application '/webapp'
lip 26, 2015 12:10:02 PM org.apache.catalina.core.ApplicationContext log
INFO: Manager: Uploading WAR file to C:\Users\Mateusz\tomcat\apache-tomcat-7.0.63\webapps\webapp.war
lip 26, 2015 12:10:34 PM org.apache.catalina.core.ApplicationContext log
INFO: HTMLManager: init: Associated with Deployer 'Catalina:type=Deployer,host=localhost'
lip 26, 2015 12:10:34 PM org.apache.catalina.core.ApplicationContext log
INFO: HTMLManager: init: Global resources are available
lip 26, 2015 12:10:34 PM org.apache.catalina.core.ApplicationContext log
INFO: HTMLManager: list: Listing contexts for virtual host 'localhost'
lip 26, 2015 12:12:35 PM org.apache.catalina.core.ApplicationContext log
INFO: HTMLManager: list: Listing contexts for virtual host 'localhost'
lip 26, 2015 12:15:31 PM org.apache.catalina.core.ApplicationContext log
INFO: Manager: deploy: Deploying web application '/webapp'
lip 26, 2015 12:15:31 PM org.apache.catalina.core.ApplicationContext log
INFO: Manager: Uploading WAR file to C:\Users\Mateusz\tomcat\apache-tomcat-7.0.63\webapps\webapp.war.tmp
lip 26, 2015 12:16:42 PM org.apache.catalina.core.ApplicationContext log
INFO: Manager: deploy: Deploying web application '/webapp'
lip 26, 2015 12:16:42 PM org.apache.catalina.core.ApplicationContext log
INFO: Manager: Uploading WAR file to C:\Users\Mateusz\tomcat\apache-tomcat-7.0.63\webapps\webapp.war.tmp
